{"C:\\Users\\jor_t\\Desktop\\ToitAtoit\\backend\\gateway\\middleware\\errorHandler.js": {"path":"C:\\Users\\jor_t\\Desktop\\ToitAtoit\\backend\\gateway\\middleware\\errorHandler.js","statementMap":{"0":{"start":{"line":4,"column":21},"end":{"line":37,"column":1}},"1":{"start":{"line":5,"column":2},"end":{"line":11,"column":5}},"2":{"start":{"line":14,"column":2},"end":{"line":20,"column":3}},"3":{"start":{"line":15,"column":4},"end":{"line":19,"column":7}},"4":{"start":{"line":23,"column":2},"end":{"line":29,"column":3}},"5":{"start":{"line":24,"column":4},"end":{"line":28,"column":7}},"6":{"start":{"line":32,"column":2},"end":{"line":36,"column":5}},"7":{"start":{"line":42,"column":21},"end":{"line":44,"column":1}},"8":{"start":{"line":42,"column":29},"end":{"line":44,"column":1}},"9":{"start":{"line":43,"column":2},"end":{"line":43,"column":50}},"10":{"start":{"line":46,"column":0},"end":{"line":49,"column":2}}},"fnMap":{"0":{"name":"(anonymous_0)","decl":{"start":{"line":4,"column":21},"end":{"line":4,"column":22}},"loc":{"start":{"line":4,"column":46},"end":{"line":37,"column":1}},"line":4},"1":{"name":"(anonymous_1)","decl":{"start":{"line":42,"column":21},"end":{"line":42,"column":22}},"loc":{"start":{"line":42,"column":29},"end":{"line":44,"column":1}},"line":42},"2":{"name":"(anonymous_2)","decl":{"start":{"line":42,"column":29},"end":{"line":42,"column":30}},"loc":{"start":{"line":42,"column":49},"end":{"line":44,"column":1}},"line":42}},"branchMap":{"0":{"loc":{"start":{"line":14,"column":2},"end":{"line":20,"column":3}},"type":"if","locations":[{"start":{"line":14,"column":2},"end":{"line":20,"column":3}},{"start":{},"end":{}}],"line":14},"1":{"loc":{"start":{"line":23,"column":2},"end":{"line":29,"column":3}},"type":"if","locations":[{"start":{"line":23,"column":2},"end":{"line":29,"column":3}},{"start":{},"end":{}}],"line":23},"2":{"loc":{"start":{"line":23,"column":6},"end":{"line":23,"column":64}},"type":"binary-expr","locations":[{"start":{"line":23,"column":6},"end":{"line":23,"column":30}},{"start":{"line":23,"column":34},"end":{"line":23,"column":64}}],"line":23},"3":{"loc":{"start":{"line":32,"column":13},"end":{"line":32,"column":30}},"type":"binary-expr","locations":[{"start":{"line":32,"column":13},"end":{"line":32,"column":23}},{"start":{"line":32,"column":27},"end":{"line":32,"column":30}}],"line":32},"4":{"loc":{"start":{"line":34,"column":13},"end":{"line":34,"column":55}},"type":"binary-expr","locations":[{"start":{"line":34,"column":13},"end":{"line":34,"column":24}},{"start":{"line":34,"column":28},"end":{"line":34,"column":55}}],"line":34},"5":{"loc":{"start":{"line":35,"column":8},"end":{"line":35,"column":70}},"type":"binary-expr","locations":[{"start":{"line":35,"column":8},"end":{"line":35,"column":46}},{"start":{"line":35,"column":50},"end":{"line":35,"column":70}}],"line":35}},"s":{"0":1,"1":7,"2":7,"3":1,"4":6,"5":2,"6":4,"7":1,"8":2,"9":2,"10":1},"f":{"0":7,"1":2,"2":2},"b":{"0":[1,6],"1":[2,4],"2":[6,5],"3":[4,3],"4":[4,0],"5":[4,1]},"_coverageSchema":"1a1c01bbd47fc00a2c39e90264f33305004495a9","hash":"10347892c5f1f0ba89ea96b260699c35464dc526"}
}
