<?xml version="1.0" encoding="UTF-8"?>
<coverage generated="1778337498091" clover="3.2.0">
  <project timestamp="1778337498091" name="All files">
    <metrics statements="82" coveredstatements="71" conditionals="52" coveredconditionals="46" methods="4" coveredmethods="4" elements="138" coveredelements="121" complexity="0" loc="82" ncloc="82" packages="1" files="1" classes="1"/>
    <file name="applicationsController.js" path="C:\Users\jor_t\Desktop\ToitAtoit\backend\colocations-service\controllers\applicationsController.js">
      <metrics statements="82" coveredstatements="71" conditionals="52" coveredconditionals="46" methods="4" coveredmethods="4"/>
      <line num="1" count="1" type="stmt"/>
      <line num="2" count="1" type="stmt"/>
      <line num="4" count="1" type="stmt"/>
      <line num="6" count="1" type="stmt"/>
      <line num="7" count="2" type="stmt"/>
      <line num="8" count="2" type="stmt"/>
      <line num="9" count="2" type="cond" truecount="2" falsecount="0"/>
      <line num="10" count="2" type="cond" truecount="2" falsecount="0"/>
      <line num="12" count="2" type="stmt"/>
      <line num="36" count="1" type="stmt"/>
      <line num="38" count="1" type="stmt"/>
      <line num="39" count="1" type="stmt"/>
      <line num="43" count="1" type="stmt"/>
      <line num="44" count="3" type="stmt"/>
      <line num="45" count="3" type="stmt"/>
      <line num="46" count="3" type="stmt"/>
      <line num="48" count="3" type="stmt"/>
      <line num="52" count="3" type="cond" truecount="2" falsecount="0"/>
      <line num="53" count="1" type="stmt"/>
      <line num="56" count="2" type="stmt"/>
      <line num="57" count="2" type="stmt"/>
      <line num="58" count="2" type="cond" truecount="4" falsecount="0"/>
      <line num="59" count="1" type="stmt"/>
      <line num="62" count="1" type="stmt"/>
      <line num="70" count="1" type="stmt"/>
      <line num="72" count="0" type="stmt"/>
      <line num="73" count="0" type="stmt"/>
      <line num="77" count="1" type="stmt"/>
      <line num="78" count="5" type="stmt"/>
      <line num="79" count="5" type="stmt"/>
      <line num="80" count="5" type="stmt"/>
      <line num="81" count="5" type="cond" truecount="4" falsecount="0"/>
      <line num="83" count="5" type="stmt"/>
      <line num="87" count="5" type="cond" truecount="2" falsecount="0"/>
      <line num="88" count="1" type="stmt"/>
      <line num="90" count="4" type="cond" truecount="1" falsecount="1"/>
      <line num="91" count="0" type="stmt"/>
      <line num="93" count="4" type="cond" truecount="2" falsecount="0"/>
      <line num="94" count="1" type="stmt"/>
      <line num="97" count="3" type="stmt"/>
      <line num="102" count="3" type="cond" truecount="2" falsecount="0"/>
      <line num="103" count="2" type="stmt"/>
      <line num="104" count="2" type="cond" truecount="2" falsecount="0"/>
      <line num="105" count="1" type="stmt"/>
      <line num="108" count="1" type="stmt"/>
      <line num="115" count="1" type="stmt"/>
      <line num="118" count="1" type="stmt"/>
      <line num="119" count="1" type="stmt"/>
      <line num="126" count="1" type="stmt"/>
      <line num="128" count="0" type="cond" truecount="0" falsecount="2"/>
      <line num="129" count="0" type="stmt"/>
      <line num="131" count="0" type="stmt"/>
      <line num="132" count="0" type="stmt"/>
      <line num="136" count="1" type="stmt"/>
      <line num="137" count="8" type="stmt"/>
      <line num="138" count="8" type="stmt"/>
      <line num="139" count="8" type="stmt"/>
      <line num="141" count="8" type="cond" truecount="1" falsecount="1"/>
      <line num="142" count="8" type="cond" truecount="2" falsecount="0"/>
      <line num="143" count="1" type="stmt"/>
      <line num="146" count="7" type="stmt"/>
      <line num="150" count="7" type="cond" truecount="2" falsecount="0"/>
      <line num="151" count="1" type="stmt"/>
      <line num="153" count="6" type="stmt"/>
      <line num="155" count="6" type="stmt"/>
      <line num="156" count="6" type="stmt"/>
      <line num="158" count="6" type="cond" truecount="4" falsecount="0"/>
      <line num="159" count="1" type="stmt"/>
      <line num="163" count="5" type="cond" truecount="4" falsecount="0"/>
      <line num="164" count="2" type="cond" truecount="2" falsecount="0"/>
      <line num="165" count="1" type="stmt"/>
      <line num="167" count="1" type="cond" truecount="1" falsecount="1"/>
      <line num="168" count="0" type="stmt"/>
      <line num="173" count="4" type="cond" truecount="2" falsecount="0"/>
      <line num="174" count="3" type="cond" truecount="3" falsecount="1"/>
      <line num="175" count="0" type="stmt"/>
      <line num="177" count="3" type="cond" truecount="2" falsecount="0"/>
      <line num="178" count="1" type="stmt"/>
      <line num="182" count="3" type="stmt"/>
      <line num="190" count="3" type="stmt"/>
      <line num="192" count="0" type="stmt"/>
      <line num="193" count="0" type="stmt"/>
    </file>
  </project>
</coverage>
