{"C:\\Users\\jor_t\\Desktop\\ToitAtoit\\backend\\colocations-service\\controllers\\applicationsController.js": {"path":"C:\\Users\\jor_t\\Desktop\\ToitAtoit\\backend\\colocations-service\\controllers\\applicationsController.js","statementMap":{"0":{"start":{"line":1,"column":23},"end":{"line":1,"column":40}},"1":{"start":{"line":2,"column":13},"end":{"line":2,"column":36}},"2":{"start":{"line":4,"column":25},"end":{"line":4,"column":79}},"3":{"start":{"line":6,"column":0},"end":{"line":41,"column":2}},"4":{"start":{"line":7,"column":2},"end":{"line":40,"column":3}},"5":{"start":{"line":8,"column":19},"end":{"line":8,"column":29}},"6":{"start":{"line":9,"column":18},"end":{"line":9,"column":70}},"7":{"start":{"line":10,"column":19},"end":{"line":10,"column":69}},"8":{"start":{"line":12,"column":19},"end":{"line":34,"column":5}},"9":{"start":{"line":36,"column":4},"end":{"line":36,"column":66}},"10":{"start":{"line":38,"column":4},"end":{"line":38,"column":23}},"11":{"start":{"line":39,"column":4},"end":{"line":39,"column":63}},"12":{"start":{"line":43,"column":0},"end":{"line":72,"column":2}},"13":{"start":{"line":44,"column":2},"end":{"line":71,"column":3}},"14":{"start":{"line":45,"column":22},"end":{"line":45,"column":35}},"15":{"start":{"line":46,"column":19},"end":{"line":46,"column":29}},"16":{"start":{"line":48,"column":20},"end":{"line":51,"column":5}},"17":{"start":{"line":52,"column":4},"end":{"line":54,"column":5}},"18":{"start":{"line":53,"column":6},"end":{"line":53,"column":70}},"19":{"start":{"line":55,"column":4},"end":{"line":57,"column":5}},"20":{"start":{"line":56,"column":6},"end":{"line":56,"column":59}},"21":{"start":{"line":59,"column":19},"end":{"line":65,"column":5}},"22":{"start":{"line":67,"column":4},"end":{"line":67,"column":74}},"23":{"start":{"line":69,"column":4},"end":{"line":69,"column":23}},"24":{"start":{"line":70,"column":4},"end":{"line":70,"column":63}},"25":{"start":{"line":74,"column":0},"end":{"line":128,"column":2}},"26":{"start":{"line":75,"column":2},"end":{"line":127,"column":3}},"27":{"start":{"line":76,"column":22},"end":{"line":76,"column":35}},"28":{"start":{"line":77,"column":19},"end":{"line":77,"column":29}},"29":{"start":{"line":78,"column":20},"end":{"line":78,"column":59}},"30":{"start":{"line":80,"column":20},"end":{"line":83,"column":5}},"31":{"start":{"line":84,"column":4},"end":{"line":86,"column":5}},"32":{"start":{"line":85,"column":6},"end":{"line":85,"column":70}},"33":{"start":{"line":87,"column":4},"end":{"line":89,"column":5}},"34":{"start":{"line":88,"column":6},"end":{"line":88,"column":96}},"35":{"start":{"line":91,"column":21},"end":{"line":94,"column":5}},"36":{"start":{"line":96,"column":4},"end":{"line":110,"column":5}},"37":{"start":{"line":97,"column":22},"end":{"line":97,"column":38}},"38":{"start":{"line":98,"column":6},"end":{"line":100,"column":7}},"39":{"start":{"line":99,"column":8},"end":{"line":99,"column":77}},"40":{"start":{"line":102,"column":22},"end":{"line":108,"column":7}},"41":{"start":{"line":109,"column":6},"end":{"line":109,"column":56}},"42":{"start":{"line":112,"column":26},"end":{"line":112,"column":38}},"43":{"start":{"line":113,"column":19},"end":{"line":118,"column":5}},"44":{"start":{"line":120,"column":4},"end":{"line":120,"column":65}},"45":{"start":{"line":122,"column":4},"end":{"line":124,"column":5}},"46":{"start":{"line":123,"column":6},"end":{"line":123,"column":75}},"47":{"start":{"line":125,"column":4},"end":{"line":125,"column":23}},"48":{"start":{"line":126,"column":4},"end":{"line":126,"column":63}},"49":{"start":{"line":130,"column":0},"end":{"line":198,"column":2}},"50":{"start":{"line":131,"column":2},"end":{"line":197,"column":3}},"51":{"start":{"line":132,"column":26},"end":{"line":132,"column":50}},"52":{"start":{"line":133,"column":19},"end":{"line":133,"column":29}},"53":{"start":{"line":135,"column":22},"end":{"line":135,"column":59}},"54":{"start":{"line":136,"column":4},"end":{"line":138,"column":5}},"55":{"start":{"line":137,"column":6},"end":{"line":137,"column":66}},"56":{"start":{"line":140,"column":22},"end":{"line":143,"column":5}},"57":{"start":{"line":144,"column":4},"end":{"line":146,"column":5}},"58":{"start":{"line":145,"column":6},"end":{"line":145,"column":74}},"59":{"start":{"line":147,"column":24},"end":{"line":147,"column":41}},"60":{"start":{"line":149,"column":20},"end":{"line":152,"column":5}},"61":{"start":{"line":153,"column":4},"end":{"line":155,"column":5}},"62":{"start":{"line":154,"column":6},"end":{"line":154,"column":70}},"63":{"start":{"line":156,"column":24},"end":{"line":156,"column":53}},"64":{"start":{"line":158,"column":24},"end":{"line":158,"column":64}},"65":{"start":{"line":159,"column":20},"end":{"line":159,"column":42}},"66":{"start":{"line":161,"column":4},"end":{"line":163,"column":5}},"67":{"start":{"line":162,"column":6},"end":{"line":162,"column":59}},"68":{"start":{"line":166,"column":4},"end":{"line":173,"column":5}},"69":{"start":{"line":167,"column":6},"end":{"line":169,"column":7}},"70":{"start":{"line":168,"column":8},"end":{"line":168,"column":61}},"71":{"start":{"line":170,"column":6},"end":{"line":172,"column":7}},"72":{"start":{"line":171,"column":8},"end":{"line":171,"column":92}},"73":{"start":{"line":176,"column":4},"end":{"line":183,"column":5}},"74":{"start":{"line":177,"column":6},"end":{"line":179,"column":7}},"75":{"start":{"line":178,"column":8},"end":{"line":178,"column":61}},"76":{"start":{"line":180,"column":6},"end":{"line":182,"column":7}},"77":{"start":{"line":181,"column":8},"end":{"line":181,"column":77}},"78":{"start":{"line":185,"column":19},"end":{"line":191,"column":5}},"79":{"start":{"line":193,"column":4},"end":{"line":193,"column":53}},"80":{"start":{"line":195,"column":4},"end":{"line":195,"column":23}},"81":{"start":{"line":196,"column":4},"end":{"line":196,"column":63}}},"fnMap":{"0":{"name":"(anonymous_0)","decl":{"start":{"line":6,"column":29},"end":{"line":6,"column":30}},"loc":{"start":{"line":6,"column":49},"end":{"line":41,"column":1}},"line":6},"1":{"name":"(anonymous_1)","decl":{"start":{"line":43,"column":37},"end":{"line":43,"column":38}},"loc":{"start":{"line":43,"column":57},"end":{"line":72,"column":1}},"line":43},"2":{"name":"(anonymous_2)","decl":{"start":{"line":74,"column":25},"end":{"line":74,"column":26}},"loc":{"start":{"line":74,"column":45},"end":{"line":128,"column":1}},"line":74},"3":{"name":"(anonymous_3)","decl":{"start":{"line":130,"column":34},"end":{"line":130,"column":35}},"loc":{"start":{"line":130,"column":54},"end":{"line":198,"column":1}},"line":130}},"branchMap":{"0":{"loc":{"start":{"line":9,"column":36},"end":{"line":9,"column":59}},"type":"binary-expr","locations":[{"start":{"line":9,"column":36},"end":{"line":9,"column":51}},{"start":{"line":9,"column":55},"end":{"line":9,"column":59}}],"line":9},"1":{"loc":{"start":{"line":10,"column":37},"end":{"line":10,"column":60}},"type":"binary-expr","locations":[{"start":{"line":10,"column":37},"end":{"line":10,"column":53}},{"start":{"line":10,"column":57},"end":{"line":10,"column":60}}],"line":10},"2":{"loc":{"start":{"line":52,"column":4},"end":{"line":54,"column":5}},"type":"if","locations":[{"start":{"line":52,"column":4},"end":{"line":54,"column":5}},{"start":{},"end":{}}],"line":52},"3":{"loc":{"start":{"line":55,"column":4},"end":{"line":57,"column":5}},"type":"if","locations":[{"start":{"line":55,"column":4},"end":{"line":57,"column":5}},{"start":{},"end":{}}],"line":55},"4":{"loc":{"start":{"line":78,"column":20},"end":{"line":78,"column":59}},"type":"binary-expr","locations":[{"start":{"line":78,"column":20},"end":{"line":78,"column":51}},{"start":{"line":78,"column":55},"end":{"line":78,"column":59}}],"line":78},"5":{"loc":{"start":{"line":78,"column":21},"end":{"line":78,"column":43}},"type":"binary-expr","locations":[{"start":{"line":78,"column":21},"end":{"line":78,"column":37}},{"start":{"line":78,"column":41},"end":{"line":78,"column":43}}],"line":78},"6":{"loc":{"start":{"line":84,"column":4},"end":{"line":86,"column":5}},"type":"if","locations":[{"start":{"line":84,"column":4},"end":{"line":86,"column":5}},{"start":{},"end":{}}],"line":84},"7":{"loc":{"start":{"line":87,"column":4},"end":{"line":89,"column":5}},"type":"if","locations":[{"start":{"line":87,"column":4},"end":{"line":89,"column":5}},{"start":{},"end":{}}],"line":87},"8":{"loc":{"start":{"line":96,"column":4},"end":{"line":110,"column":5}},"type":"if","locations":[{"start":{"line":96,"column":4},"end":{"line":110,"column":5}},{"start":{},"end":{}}],"line":96},"9":{"loc":{"start":{"line":98,"column":6},"end":{"line":100,"column":7}},"type":"if","locations":[{"start":{"line":98,"column":6},"end":{"line":100,"column":7}},{"start":{},"end":{}}],"line":98},"10":{"loc":{"start":{"line":122,"column":4},"end":{"line":124,"column":5}},"type":"if","locations":[{"start":{"line":122,"column":4},"end":{"line":124,"column":5}},{"start":{},"end":{}}],"line":122},"11":{"loc":{"start":{"line":135,"column":23},"end":{"line":135,"column":44}},"type":"binary-expr","locations":[{"start":{"line":135,"column":23},"end":{"line":135,"column":38}},{"start":{"line":135,"column":42},"end":{"line":135,"column":44}}],"line":135},"12":{"loc":{"start":{"line":136,"column":4},"end":{"line":138,"column":5}},"type":"if","locations":[{"start":{"line":136,"column":4},"end":{"line":138,"column":5}},{"start":{},"end":{}}],"line":136},"13":{"loc":{"start":{"line":144,"column":4},"end":{"line":146,"column":5}},"type":"if","locations":[{"start":{"line":144,"column":4},"end":{"line":146,"column":5}},{"start":{},"end":{}}],"line":144},"14":{"loc":{"start":{"line":153,"column":4},"end":{"line":155,"column":5}},"type":"if","locations":[{"start":{"line":153,"column":4},"end":{"line":155,"column":5}},{"start":{},"end":{}}],"line":153},"15":{"loc":{"start":{"line":161,"column":4},"end":{"line":163,"column":5}},"type":"if","locations":[{"start":{"line":161,"column":4},"end":{"line":163,"column":5}},{"start":{},"end":{}}],"line":161},"16":{"loc":{"start":{"line":161,"column":8},"end":{"line":161,"column":32}},"type":"binary-expr","locations":[{"start":{"line":161,"column":8},"end":{"line":161,"column":20}},{"start":{"line":161,"column":24},"end":{"line":161,"column":32}}],"line":161},"17":{"loc":{"start":{"line":166,"column":4},"end":{"line":173,"column":5}},"type":"if","locations":[{"start":{"line":166,"column":4},"end":{"line":173,"column":5}},{"start":{},"end":{}}],"line":166},"18":{"loc":{"start":{"line":167,"column":6},"end":{"line":169,"column":7}},"type":"if","locations":[{"start":{"line":167,"column":6},"end":{"line":169,"column":7}},{"start":{},"end":{}}],"line":167},"19":{"loc":{"start":{"line":170,"column":6},"end":{"line":172,"column":7}},"type":"if","locations":[{"start":{"line":170,"column":6},"end":{"line":172,"column":7}},{"start":{},"end":{}}],"line":170},"20":{"loc":{"start":{"line":176,"column":4},"end":{"line":183,"column":5}},"type":"if","locations":[{"start":{"line":176,"column":4},"end":{"line":183,"column":5}},{"start":{},"end":{}}],"line":176},"21":{"loc":{"start":{"line":176,"column":8},"end":{"line":176,"column":31}},"type":"binary-expr","locations":[{"start":{"line":176,"column":8},"end":{"line":176,"column":15}},{"start":{"line":176,"column":19},"end":{"line":176,"column":31}}],"line":176},"22":{"loc":{"start":{"line":177,"column":6},"end":{"line":179,"column":7}},"type":"if","locations":[{"start":{"line":177,"column":6},"end":{"line":179,"column":7}},{"start":{},"end":{}}],"line":177},"23":{"loc":{"start":{"line":177,"column":10},"end":{"line":177,"column":62}},"type":"binary-expr","locations":[{"start":{"line":177,"column":10},"end":{"line":177,"column":34}},{"start":{"line":177,"column":38},"end":{"line":177,"column":62}}],"line":177},"24":{"loc":{"start":{"line":180,"column":6},"end":{"line":182,"column":7}},"type":"if","locations":[{"start":{"line":180,"column":6},"end":{"line":182,"column":7}},{"start":{},"end":{}}],"line":180}},"s":{"0":1,"1":1,"2":1,"3":1,"4":2,"5":2,"6":2,"7":2,"8":2,"9":1,"10":1,"11":1,"12":1,"13":3,"14":3,"15":3,"16":3,"17":3,"18":1,"19":2,"20":1,"21":1,"22":1,"23":0,"24":0,"25":1,"26":5,"27":5,"28":5,"29":5,"30":5,"31":5,"32":1,"33":4,"34":1,"35":3,"36":3,"37":2,"38":2,"39":1,"40":1,"41":1,"42":1,"43":1,"44":1,"45":0,"46":0,"47":0,"48":0,"49":1,"50":8,"51":8,"52":8,"53":8,"54":8,"55":1,"56":7,"57":7,"58":1,"59":6,"60":6,"61":6,"62":0,"63":6,"64":6,"65":6,"66":6,"67":1,"68":5,"69":2,"70":1,"71":1,"72":0,"73":4,"74":3,"75":0,"76":3,"77":1,"78":3,"79":3,"80":0,"81":0},"f":{"0":2,"1":3,"2":5,"3":8},"b":{"0":[2,2],"1":[2,2],"2":[1,2],"3":[1,1],"4":[5,4],"5":[5,4],"6":[1,4],"7":[1,3],"8":[2,1],"9":[1,1],"10":[0,0],"11":[8,0],"12":[1,7],"13":[1,6],"14":[0,6],"15":[1,5],"16":[6,4],"17":[2,3],"18":[1,1],"19":[0,1],"20":[3,1],"21":[4,3],"22":[0,3],"23":[3,2],"24":[1,2]},"_coverageSchema":"1a1c01bbd47fc00a2c39e90264f33305004495a9","hash":"55952ef1b6a95c9eb258e4de4686addf487d99d1"}
}
