{"C:\\Users\\jor_t\\Desktop\\ToitAtoit\\backend\\colocations-service\\controllers\\applicationsController.js": {"path":"C:\\Users\\jor_t\\Desktop\\ToitAtoit\\backend\\colocations-service\\controllers\\applicationsController.js","statementMap":{"0":{"start":{"line":1,"column":23},"end":{"line":1,"column":40}},"1":{"start":{"line":2,"column":13},"end":{"line":2,"column":36}},"2":{"start":{"line":4,"column":25},"end":{"line":4,"column":79}},"3":{"start":{"line":6,"column":0},"end":{"line":41,"column":2}},"4":{"start":{"line":7,"column":2},"end":{"line":40,"column":3}},"5":{"start":{"line":8,"column":19},"end":{"line":8,"column":29}},"6":{"start":{"line":9,"column":18},"end":{"line":9,"column":70}},"7":{"start":{"line":10,"column":19},"end":{"line":10,"column":69}},"8":{"start":{"line":12,"column":19},"end":{"line":34,"column":5}},"9":{"start":{"line":36,"column":4},"end":{"line":36,"column":66}},"10":{"start":{"line":38,"column":4},"end":{"line":38,"column":23}},"11":{"start":{"line":39,"column":4},"end":{"line":39,"column":63}},"12":{"start":{"line":43,"column":0},"end":{"line":75,"column":2}},"13":{"start":{"line":44,"column":2},"end":{"line":74,"column":3}},"14":{"start":{"line":45,"column":22},"end":{"line":45,"column":35}},"15":{"start":{"line":46,"column":19},"end":{"line":46,"column":29}},"16":{"start":{"line":48,"column":20},"end":{"line":51,"column":5}},"17":{"start":{"line":52,"column":4},"end":{"line":54,"column":5}},"18":{"start":{"line":53,"column":6},"end":{"line":53,"column":70}},"19":{"start":{"line":56,"column":20},"end":{"line":56,"column":60}},"20":{"start":{"line":57,"column":26},"end":{"line":57,"column":56}},"21":{"start":{"line":58,"column":4},"end":{"line":60,"column":5}},"22":{"start":{"line":59,"column":6},"end":{"line":59,"column":59}},"23":{"start":{"line":62,"column":19},"end":{"line":68,"column":5}},"24":{"start":{"line":70,"column":4},"end":{"line":70,"column":74}},"25":{"start":{"line":72,"column":4},"end":{"line":72,"column":23}},"26":{"start":{"line":73,"column":4},"end":{"line":73,"column":63}},"27":{"start":{"line":77,"column":0},"end":{"line":134,"column":2}},"28":{"start":{"line":78,"column":2},"end":{"line":133,"column":3}},"29":{"start":{"line":79,"column":22},"end":{"line":79,"column":35}},"30":{"start":{"line":80,"column":19},"end":{"line":80,"column":29}},"31":{"start":{"line":81,"column":20},"end":{"line":81,"column":59}},"32":{"start":{"line":83,"column":20},"end":{"line":86,"column":5}},"33":{"start":{"line":87,"column":4},"end":{"line":89,"column":5}},"34":{"start":{"line":88,"column":6},"end":{"line":88,"column":70}},"35":{"start":{"line":90,"column":4},"end":{"line":92,"column":5}},"36":{"start":{"line":91,"column":6},"end":{"line":91,"column":85}},"37":{"start":{"line":93,"column":4},"end":{"line":95,"column":5}},"38":{"start":{"line":94,"column":6},"end":{"line":94,"column":96}},"39":{"start":{"line":97,"column":21},"end":{"line":100,"column":5}},"40":{"start":{"line":102,"column":4},"end":{"line":116,"column":5}},"41":{"start":{"line":103,"column":22},"end":{"line":103,"column":38}},"42":{"start":{"line":104,"column":6},"end":{"line":106,"column":7}},"43":{"start":{"line":105,"column":8},"end":{"line":105,"column":77}},"44":{"start":{"line":108,"column":22},"end":{"line":114,"column":7}},"45":{"start":{"line":115,"column":6},"end":{"line":115,"column":56}},"46":{"start":{"line":118,"column":26},"end":{"line":118,"column":38}},"47":{"start":{"line":119,"column":19},"end":{"line":124,"column":5}},"48":{"start":{"line":126,"column":4},"end":{"line":126,"column":65}},"49":{"start":{"line":128,"column":4},"end":{"line":130,"column":5}},"50":{"start":{"line":129,"column":6},"end":{"line":129,"column":75}},"51":{"start":{"line":131,"column":4},"end":{"line":131,"column":23}},"52":{"start":{"line":132,"column":4},"end":{"line":132,"column":63}},"53":{"start":{"line":136,"column":0},"end":{"line":195,"column":2}},"54":{"start":{"line":137,"column":2},"end":{"line":194,"column":3}},"55":{"start":{"line":138,"column":26},"end":{"line":138,"column":50}},"56":{"start":{"line":139,"column":19},"end":{"line":139,"column":29}},"57":{"start":{"line":141,"column":22},"end":{"line":141,"column":59}},"58":{"start":{"line":142,"column":4},"end":{"line":144,"column":5}},"59":{"start":{"line":143,"column":6},"end":{"line":143,"column":66}},"60":{"start":{"line":146,"column":22},"end":{"line":149,"column":5}},"61":{"start":{"line":150,"column":4},"end":{"line":152,"column":5}},"62":{"start":{"line":151,"column":6},"end":{"line":151,"column":74}},"63":{"start":{"line":153,"column":24},"end":{"line":153,"column":41}},"64":{"start":{"line":155,"column":24},"end":{"line":155,"column":64}},"65":{"start":{"line":156,"column":26},"end":{"line":156,"column":56}},"66":{"start":{"line":158,"column":4},"end":{"line":160,"column":5}},"67":{"start":{"line":159,"column":6},"end":{"line":159,"column":59}},"68":{"start":{"line":163,"column":4},"end":{"line":170,"column":5}},"69":{"start":{"line":164,"column":6},"end":{"line":166,"column":7}},"70":{"start":{"line":165,"column":8},"end":{"line":165,"column":61}},"71":{"start":{"line":167,"column":6},"end":{"line":169,"column":7}},"72":{"start":{"line":168,"column":8},"end":{"line":168,"column":92}},"73":{"start":{"line":173,"column":4},"end":{"line":180,"column":5}},"74":{"start":{"line":174,"column":6},"end":{"line":176,"column":7}},"75":{"start":{"line":175,"column":8},"end":{"line":175,"column":61}},"76":{"start":{"line":177,"column":6},"end":{"line":179,"column":7}},"77":{"start":{"line":178,"column":8},"end":{"line":178,"column":77}},"78":{"start":{"line":182,"column":19},"end":{"line":188,"column":5}},"79":{"start":{"line":190,"column":4},"end":{"line":190,"column":53}},"80":{"start":{"line":192,"column":4},"end":{"line":192,"column":23}},"81":{"start":{"line":193,"column":4},"end":{"line":193,"column":63}}},"fnMap":{"0":{"name":"(anonymous_0)","decl":{"start":{"line":6,"column":29},"end":{"line":6,"column":30}},"loc":{"start":{"line":6,"column":49},"end":{"line":41,"column":1}},"line":6},"1":{"name":"(anonymous_1)","decl":{"start":{"line":43,"column":37},"end":{"line":43,"column":38}},"loc":{"start":{"line":43,"column":57},"end":{"line":75,"column":1}},"line":43},"2":{"name":"(anonymous_2)","decl":{"start":{"line":77,"column":25},"end":{"line":77,"column":26}},"loc":{"start":{"line":77,"column":45},"end":{"line":134,"column":1}},"line":77},"3":{"name":"(anonymous_3)","decl":{"start":{"line":136,"column":34},"end":{"line":136,"column":35}},"loc":{"start":{"line":136,"column":54},"end":{"line":195,"column":1}},"line":136}},"branchMap":{"0":{"loc":{"start":{"line":9,"column":36},"end":{"line":9,"column":59}},"type":"binary-expr","locations":[{"start":{"line":9,"column":36},"end":{"line":9,"column":51}},{"start":{"line":9,"column":55},"end":{"line":9,"column":59}}],"line":9},"1":{"loc":{"start":{"line":10,"column":37},"end":{"line":10,"column":60}},"type":"binary-expr","locations":[{"start":{"line":10,"column":37},"end":{"line":10,"column":53}},{"start":{"line":10,"column":57},"end":{"line":10,"column":60}}],"line":10},"2":{"loc":{"start":{"line":52,"column":4},"end":{"line":54,"column":5}},"type":"if","locations":[{"start":{"line":52,"column":4},"end":{"line":54,"column":5}},{"start":{},"end":{}}],"line":52},"3":{"loc":{"start":{"line":58,"column":4},"end":{"line":60,"column":5}},"type":"if","locations":[{"start":{"line":58,"column":4},"end":{"line":60,"column":5}},{"start":{},"end":{}}],"line":58},"4":{"loc":{"start":{"line":58,"column":8},"end":{"line":58,"column":34}},"type":"binary-expr","locations":[{"start":{"line":58,"column":8},"end":{"line":58,"column":16}},{"start":{"line":58,"column":20},"end":{"line":58,"column":34}}],"line":58},"5":{"loc":{"start":{"line":81,"column":20},"end":{"line":81,"column":59}},"type":"binary-expr","locations":[{"start":{"line":81,"column":20},"end":{"line":81,"column":51}},{"start":{"line":81,"column":55},"end":{"line":81,"column":59}}],"line":81},"6":{"loc":{"start":{"line":81,"column":21},"end":{"line":81,"column":43}},"type":"binary-expr","locations":[{"start":{"line":81,"column":21},"end":{"line":81,"column":37}},{"start":{"line":81,"column":41},"end":{"line":81,"column":43}}],"line":81},"7":{"loc":{"start":{"line":87,"column":4},"end":{"line":89,"column":5}},"type":"if","locations":[{"start":{"line":87,"column":4},"end":{"line":89,"column":5}},{"start":{},"end":{}}],"line":87},"8":{"loc":{"start":{"line":90,"column":4},"end":{"line":92,"column":5}},"type":"if","locations":[{"start":{"line":90,"column":4},"end":{"line":92,"column":5}},{"start":{},"end":{}}],"line":90},"9":{"loc":{"start":{"line":93,"column":4},"end":{"line":95,"column":5}},"type":"if","locations":[{"start":{"line":93,"column":4},"end":{"line":95,"column":5}},{"start":{},"end":{}}],"line":93},"10":{"loc":{"start":{"line":102,"column":4},"end":{"line":116,"column":5}},"type":"if","locations":[{"start":{"line":102,"column":4},"end":{"line":116,"column":5}},{"start":{},"end":{}}],"line":102},"11":{"loc":{"start":{"line":104,"column":6},"end":{"line":106,"column":7}},"type":"if","locations":[{"start":{"line":104,"column":6},"end":{"line":106,"column":7}},{"start":{},"end":{}}],"line":104},"12":{"loc":{"start":{"line":128,"column":4},"end":{"line":130,"column":5}},"type":"if","locations":[{"start":{"line":128,"column":4},"end":{"line":130,"column":5}},{"start":{},"end":{}}],"line":128},"13":{"loc":{"start":{"line":141,"column":23},"end":{"line":141,"column":44}},"type":"binary-expr","locations":[{"start":{"line":141,"column":23},"end":{"line":141,"column":38}},{"start":{"line":141,"column":42},"end":{"line":141,"column":44}}],"line":141},"14":{"loc":{"start":{"line":142,"column":4},"end":{"line":144,"column":5}},"type":"if","locations":[{"start":{"line":142,"column":4},"end":{"line":144,"column":5}},{"start":{},"end":{}}],"line":142},"15":{"loc":{"start":{"line":150,"column":4},"end":{"line":152,"column":5}},"type":"if","locations":[{"start":{"line":150,"column":4},"end":{"line":152,"column":5}},{"start":{},"end":{}}],"line":150},"16":{"loc":{"start":{"line":158,"column":4},"end":{"line":160,"column":5}},"type":"if","locations":[{"start":{"line":158,"column":4},"end":{"line":160,"column":5}},{"start":{},"end":{}}],"line":158},"17":{"loc":{"start":{"line":158,"column":8},"end":{"line":158,"column":38}},"type":"binary-expr","locations":[{"start":{"line":158,"column":8},"end":{"line":158,"column":20}},{"start":{"line":158,"column":24},"end":{"line":158,"column":38}}],"line":158},"18":{"loc":{"start":{"line":163,"column":4},"end":{"line":170,"column":5}},"type":"if","locations":[{"start":{"line":163,"column":4},"end":{"line":170,"column":5}},{"start":{},"end":{}}],"line":163},"19":{"loc":{"start":{"line":163,"column":8},"end":{"line":163,"column":37}},"type":"binary-expr","locations":[{"start":{"line":163,"column":8},"end":{"line":163,"column":19}},{"start":{"line":163,"column":23},"end":{"line":163,"column":37}}],"line":163},"20":{"loc":{"start":{"line":164,"column":6},"end":{"line":166,"column":7}},"type":"if","locations":[{"start":{"line":164,"column":6},"end":{"line":166,"column":7}},{"start":{},"end":{}}],"line":164},"21":{"loc":{"start":{"line":167,"column":6},"end":{"line":169,"column":7}},"type":"if","locations":[{"start":{"line":167,"column":6},"end":{"line":169,"column":7}},{"start":{},"end":{}}],"line":167},"22":{"loc":{"start":{"line":173,"column":4},"end":{"line":180,"column":5}},"type":"if","locations":[{"start":{"line":173,"column":4},"end":{"line":180,"column":5}},{"start":{},"end":{}}],"line":173},"23":{"loc":{"start":{"line":174,"column":6},"end":{"line":176,"column":7}},"type":"if","locations":[{"start":{"line":174,"column":6},"end":{"line":176,"column":7}},{"start":{},"end":{}}],"line":174},"24":{"loc":{"start":{"line":174,"column":10},"end":{"line":174,"column":62}},"type":"binary-expr","locations":[{"start":{"line":174,"column":10},"end":{"line":174,"column":34}},{"start":{"line":174,"column":38},"end":{"line":174,"column":62}}],"line":174},"25":{"loc":{"start":{"line":177,"column":6},"end":{"line":179,"column":7}},"type":"if","locations":[{"start":{"line":177,"column":6},"end":{"line":179,"column":7}},{"start":{},"end":{}}],"line":177}},"s":{"0":1,"1":1,"2":1,"3":1,"4":2,"5":2,"6":2,"7":2,"8":2,"9":1,"10":1,"11":1,"12":1,"13":3,"14":3,"15":3,"16":3,"17":3,"18":1,"19":2,"20":2,"21":2,"22":1,"23":1,"24":1,"25":0,"26":0,"27":1,"28":5,"29":5,"30":5,"31":5,"32":5,"33":5,"34":1,"35":4,"36":0,"37":4,"38":1,"39":3,"40":3,"41":2,"42":2,"43":1,"44":1,"45":1,"46":1,"47":1,"48":1,"49":0,"50":0,"51":0,"52":0,"53":1,"54":8,"55":8,"56":8,"57":8,"58":8,"59":1,"60":7,"61":7,"62":1,"63":6,"64":6,"65":6,"66":6,"67":1,"68":5,"69":2,"70":1,"71":1,"72":0,"73":4,"74":3,"75":0,"76":3,"77":1,"78":3,"79":3,"80":0,"81":0},"f":{"0":2,"1":3,"2":5,"3":8},"b":{"0":[2,2],"1":[2,2],"2":[1,2],"3":[1,1],"4":[2,1],"5":[5,4],"6":[5,4],"7":[1,4],"8":[0,4],"9":[1,3],"10":[2,1],"11":[1,1],"12":[0,0],"13":[8,0],"14":[1,7],"15":[1,6],"16":[1,5],"17":[6,4],"18":[2,3],"19":[5,2],"20":[1,1],"21":[0,1],"22":[3,1],"23":[0,3],"24":[3,2],"25":[1,2]},"_coverageSchema":"1a1c01bbd47fc00a2c39e90264f33305004495a9","hash":"ba0655485cea44a18b5db0a527c487b51524f0e9"}
}
