TN:
SF:controllers\applicationsController.js
FN:6,(anonymous_0)
FN:43,(anonymous_1)
FN:74,(anonymous_2)
FN:130,(anonymous_3)
FNF:4
FNH:4
FNDA:2,(anonymous_0)
FNDA:3,(anonymous_1)
FNDA:5,(anonymous_2)
FNDA:8,(anonymous_3)
DA:1,1
DA:2,1
DA:4,1
DA:6,1
DA:7,2
DA:8,2
DA:9,2
DA:10,2
DA:12,2
DA:36,1
DA:38,1
DA:39,1
DA:43,1
DA:44,3
DA:45,3
DA:46,3
DA:48,3
DA:52,3
DA:53,1
DA:55,2
DA:56,1
DA:59,1
DA:67,1
DA:69,0
DA:70,0
DA:74,1
DA:75,5
DA:76,5
DA:77,5
DA:78,5
DA:80,5
DA:84,5
DA:85,1
DA:87,4
DA:88,1
DA:91,3
DA:96,3
DA:97,2
DA:98,2
DA:99,1
DA:102,1
DA:109,1
DA:112,1
DA:113,1
DA:120,1
DA:122,0
DA:123,0
DA:125,0
DA:126,0
DA:130,1
DA:131,8
DA:132,8
DA:133,8
DA:135,8
DA:136,8
DA:137,1
DA:140,7
DA:144,7
DA:145,1
DA:147,6
DA:149,6
DA:153,6
DA:154,0
DA:156,6
DA:158,6
DA:159,6
DA:161,6
DA:162,1
DA:166,5
DA:167,2
DA:168,1
DA:170,1
DA:171,0
DA:176,4
DA:177,3
DA:178,0
DA:180,3
DA:181,1
DA:185,3
DA:193,3
DA:195,0
DA:196,0
LF:82
LH:71
BRDA:9,0,0,2
BRDA:9,0,1,2
BRDA:10,1,0,2
BRDA:10,1,1,2
BRDA:52,2,0,1
BRDA:52,2,1,2
BRDA:55,3,0,1
BRDA:55,3,1,1
BRDA:78,4,0,5
BRDA:78,4,1,4
BRDA:78,5,0,5
BRDA:78,5,1,4
BRDA:84,6,0,1
BRDA:84,6,1,4
BRDA:87,7,0,1
BRDA:87,7,1,3
BRDA:96,8,0,2
BRDA:96,8,1,1
BRDA:98,9,0,1
BRDA:98,9,1,1
BRDA:122,10,0,0
BRDA:122,10,1,0
BRDA:135,11,0,8
BRDA:135,11,1,0
BRDA:136,12,0,1
BRDA:136,12,1,7
BRDA:144,13,0,1
BRDA:144,13,1,6
BRDA:153,14,0,0
BRDA:153,14,1,6
BRDA:161,15,0,1
BRDA:161,15,1,5
BRDA:161,16,0,6
BRDA:161,16,1,4
BRDA:166,17,0,2
BRDA:166,17,1,3
BRDA:167,18,0,1
BRDA:167,18,1,1
BRDA:170,19,0,0
BRDA:170,19,1,1
BRDA:176,20,0,3
BRDA:176,20,1,1
BRDA:176,21,0,4
BRDA:176,21,1,3
BRDA:177,22,0,0
BRDA:177,22,1,3
BRDA:177,23,0,3
BRDA:177,23,1,2
BRDA:180,24,0,1
BRDA:180,24,1,2
BRF:50
BRH:44
end_of_record
