TN:
SF:controllers\applicationsController.js
FN:6,(anonymous_0)
FN:43,(anonymous_1)
FN:77,(anonymous_2)
FN:136,(anonymous_3)
FNF:4
FNH:4
FNDA:2,(anonymous_0)
FNDA:3,(anonymous_1)
FNDA:5,(anonymous_2)
FNDA:8,(anonymous_3)
DA:1,1
DA:2,1
DA:4,1
DA:6,1
DA:7,2
DA:8,2
DA:9,2
DA:10,2
DA:12,2
DA:36,1
DA:38,1
DA:39,1
DA:43,1
DA:44,3
DA:45,3
DA:46,3
DA:48,3
DA:52,3
DA:53,1
DA:56,2
DA:57,2
DA:58,2
DA:59,1
DA:62,1
DA:70,1
DA:72,0
DA:73,0
DA:77,1
DA:78,5
DA:79,5
DA:80,5
DA:81,5
DA:83,5
DA:87,5
DA:88,1
DA:90,4
DA:91,0
DA:93,4
DA:94,1
DA:97,3
DA:102,3
DA:103,2
DA:104,2
DA:105,1
DA:108,1
DA:115,1
DA:118,1
DA:119,1
DA:126,1
DA:128,0
DA:129,0
DA:131,0
DA:132,0
DA:136,1
DA:137,8
DA:138,8
DA:139,8
DA:141,8
DA:142,8
DA:143,1
DA:146,7
DA:150,7
DA:151,1
DA:153,6
DA:155,6
DA:156,6
DA:158,6
DA:159,1
DA:163,5
DA:164,2
DA:165,1
DA:167,1
DA:168,0
DA:173,4
DA:174,3
DA:175,0
DA:177,3
DA:178,1
DA:182,3
DA:190,3
DA:192,0
DA:193,0
LF:82
LH:71
BRDA:9,0,0,2
BRDA:9,0,1,2
BRDA:10,1,0,2
BRDA:10,1,1,2
BRDA:52,2,0,1
BRDA:52,2,1,2
BRDA:58,3,0,1
BRDA:58,3,1,1
BRDA:58,4,0,2
BRDA:58,4,1,1
BRDA:81,5,0,5
BRDA:81,5,1,4
BRDA:81,6,0,5
BRDA:81,6,1,4
BRDA:87,7,0,1
BRDA:87,7,1,4
BRDA:90,8,0,0
BRDA:90,8,1,4
BRDA:93,9,0,1
BRDA:93,9,1,3
BRDA:102,10,0,2
BRDA:102,10,1,1
BRDA:104,11,0,1
BRDA:104,11,1,1
BRDA:128,12,0,0
BRDA:128,12,1,0
BRDA:141,13,0,8
BRDA:141,13,1,0
BRDA:142,14,0,1
BRDA:142,14,1,7
BRDA:150,15,0,1
BRDA:150,15,1,6
BRDA:158,16,0,1
BRDA:158,16,1,5
BRDA:158,17,0,6
BRDA:158,17,1,4
BRDA:163,18,0,2
BRDA:163,18,1,3
BRDA:163,19,0,5
BRDA:163,19,1,2
BRDA:164,20,0,1
BRDA:164,20,1,1
BRDA:167,21,0,0
BRDA:167,21,1,1
BRDA:173,22,0,3
BRDA:173,22,1,1
BRDA:174,23,0,0
BRDA:174,23,1,3
BRDA:174,24,0,3
BRDA:174,24,1,2
BRDA:177,25,0,1
BRDA:177,25,1,2
BRF:52
BRH:46
end_of_record
