{"C:\\Users\\jor_t\\Desktop\\ToitAtoit\\backend\\users-service\\controllers\\authController.js": {"path":"C:\\Users\\jor_t\\Desktop\\ToitAtoit\\backend\\users-service\\controllers\\authController.js","statementMap":{"0":{"start":{"line":1,"column":15},"end":{"line":1,"column":32}},"1":{"start":{"line":2,"column":23},"end":{"line":2,"column":40}},"2":{"start":{"line":3,"column":13},"end":{"line":3,"column":36}},"3":{"start":{"line":4,"column":26},"end":{"line":4,"column":56}},"4":{"start":{"line":6,"column":23},"end":{"line":6,"column":68}},"5":{"start":{"line":6,"column":34},"end":{"line":6,"column":68}},"6":{"start":{"line":7,"column":26},"end":{"line":7,"column":63}},"7":{"start":{"line":7,"column":40},"end":{"line":7,"column":63}},"8":{"start":{"line":9,"column":0},"end":{"line":58,"column":2}},"9":{"start":{"line":10,"column":2},"end":{"line":57,"column":3}},"10":{"start":{"line":11,"column":21},"end":{"line":11,"column":57}},"11":{"start":{"line":12,"column":18},"end":{"line":12,"column":48}},"12":{"start":{"line":13,"column":21},"end":{"line":13,"column":38}},"13":{"start":{"line":15,"column":4},"end":{"line":19,"column":5}},"14":{"start":{"line":16,"column":6},"end":{"line":18,"column":9}},"15":{"start":{"line":21,"column":27},"end":{"line":21,"column":58}},"16":{"start":{"line":22,"column":19},"end":{"line":22,"column":31}},"17":{"start":{"line":24,"column":4},"end":{"line":27,"column":6}},"18":{"start":{"line":29,"column":18},"end":{"line":29,"column":39}},"19":{"start":{"line":30,"column":4},"end":{"line":36,"column":7}},"20":{"start":{"line":38,"column":4},"end":{"line":42,"column":7}},"21":{"start":{"line":44,"column":4},"end":{"line":53,"column":5}},"22":{"start":{"line":45,"column":25},"end":{"line":45,"column":45}},"23":{"start":{"line":46,"column":6},"end":{"line":48,"column":7}},"24":{"start":{"line":47,"column":8},"end":{"line":47,"column":83}},"25":{"start":{"line":49,"column":6},"end":{"line":51,"column":7}},"26":{"start":{"line":50,"column":8},"end":{"line":50,"column":71}},"27":{"start":{"line":52,"column":6},"end":{"line":52,"column":76}},"28":{"start":{"line":55,"column":4},"end":{"line":55,"column":23}},"29":{"start":{"line":56,"column":4},"end":{"line":56,"column":63}},"30":{"start":{"line":60,"column":0},"end":{"line":109,"column":2}},"31":{"start":{"line":61,"column":2},"end":{"line":108,"column":3}},"32":{"start":{"line":62,"column":18},"end":{"line":62,"column":48}},"33":{"start":{"line":63,"column":21},"end":{"line":63,"column":38}},"34":{"start":{"line":65,"column":4},"end":{"line":67,"column":5}},"35":{"start":{"line":66,"column":6},"end":{"line":66,"column":79}},"36":{"start":{"line":69,"column":19},"end":{"line":75,"column":5}},"37":{"start":{"line":77,"column":4},"end":{"line":79,"column":5}},"38":{"start":{"line":78,"column":6},"end":{"line":78,"column":73}},"39":{"start":{"line":81,"column":17},"end":{"line":81,"column":31}},"40":{"start":{"line":82,"column":4},"end":{"line":84,"column":5}},"41":{"start":{"line":83,"column":6},"end":{"line":83,"column":73}},"42":{"start":{"line":86,"column":20},"end":{"line":86,"column":70}},"43":{"start":{"line":87,"column":4},"end":{"line":89,"column":5}},"44":{"start":{"line":88,"column":6},"end":{"line":88,"column":73}},"45":{"start":{"line":91,"column":17},"end":{"line":91,"column":34}},"46":{"start":{"line":92,"column":18},"end":{"line":92,"column":46}},"47":{"start":{"line":93,"column":4},"end":{"line":98,"column":7}},"48":{"start":{"line":100,"column":4},"end":{"line":104,"column":7}},"49":{"start":{"line":106,"column":4},"end":{"line":106,"column":23}},"50":{"start":{"line":107,"column":4},"end":{"line":107,"column":63}},"51":{"start":{"line":111,"column":0},"end":{"line":118,"column":2}},"52":{"start":{"line":112,"column":2},"end":{"line":116,"column":5}},"53":{"start":{"line":117,"column":2},"end":{"line":117,"column":54}}},"fnMap":{"0":{"name":"(anonymous_0)","decl":{"start":{"line":6,"column":23},"end":{"line":6,"column":24}},"loc":{"start":{"line":6,"column":34},"end":{"line":6,"column":68}},"line":6},"1":{"name":"(anonymous_1)","decl":{"start":{"line":7,"column":26},"end":{"line":7,"column":27}},"loc":{"start":{"line":7,"column":40},"end":{"line":7,"column":63}},"line":7},"2":{"name":"(anonymous_2)","decl":{"start":{"line":9,"column":17},"end":{"line":9,"column":18}},"loc":{"start":{"line":9,"column":37},"end":{"line":58,"column":1}},"line":9},"3":{"name":"(anonymous_3)","decl":{"start":{"line":60,"column":16},"end":{"line":60,"column":17}},"loc":{"start":{"line":60,"column":36},"end":{"line":109,"column":1}},"line":60},"4":{"name":"(anonymous_4)","decl":{"start":{"line":111,"column":17},"end":{"line":111,"column":18}},"loc":{"start":{"line":111,"column":31},"end":{"line":118,"column":1}},"line":111}},"branchMap":{"0":{"loc":{"start":{"line":6,"column":35},"end":{"line":6,"column":46}},"type":"binary-expr","locations":[{"start":{"line":6,"column":35},"end":{"line":6,"column":40}},{"start":{"line":6,"column":44},"end":{"line":6,"column":46}}],"line":6},"1":{"loc":{"start":{"line":7,"column":41},"end":{"line":7,"column":55}},"type":"binary-expr","locations":[{"start":{"line":7,"column":41},"end":{"line":7,"column":49}},{"start":{"line":7,"column":53},"end":{"line":7,"column":55}}],"line":7},"2":{"loc":{"start":{"line":15,"column":4},"end":{"line":19,"column":5}},"type":"if","locations":[{"start":{"line":15,"column":4},"end":{"line":19,"column":5}},{"start":{},"end":{}}],"line":15},"3":{"loc":{"start":{"line":15,"column":8},"end":{"line":15,"column":40}},"type":"binary-expr","locations":[{"start":{"line":15,"column":8},"end":{"line":15,"column":17}},{"start":{"line":15,"column":21},"end":{"line":15,"column":27}},{"start":{"line":15,"column":31},"end":{"line":15,"column":40}}],"line":15},"4":{"loc":{"start":{"line":44,"column":4},"end":{"line":53,"column":5}},"type":"if","locations":[{"start":{"line":44,"column":4},"end":{"line":53,"column":5}},{"start":{},"end":{}}],"line":44},"5":{"loc":{"start":{"line":45,"column":25},"end":{"line":45,"column":45}},"type":"binary-expr","locations":[{"start":{"line":45,"column":25},"end":{"line":45,"column":39}},{"start":{"line":45,"column":43},"end":{"line":45,"column":45}}],"line":45},"6":{"loc":{"start":{"line":46,"column":6},"end":{"line":48,"column":7}},"type":"if","locations":[{"start":{"line":46,"column":6},"end":{"line":48,"column":7}},{"start":{},"end":{}}],"line":46},"7":{"loc":{"start":{"line":46,"column":10},"end":{"line":46,"column":82}},"type":"binary-expr","locations":[{"start":{"line":46,"column":10},"end":{"line":46,"column":47}},{"start":{"line":46,"column":51},"end":{"line":46,"column":82}}],"line":46},"8":{"loc":{"start":{"line":49,"column":6},"end":{"line":51,"column":7}},"type":"if","locations":[{"start":{"line":49,"column":6},"end":{"line":51,"column":7}},{"start":{},"end":{}}],"line":49},"9":{"loc":{"start":{"line":49,"column":10},"end":{"line":49,"column":76}},"type":"binary-expr","locations":[{"start":{"line":49,"column":10},"end":{"line":49,"column":44}},{"start":{"line":49,"column":48},"end":{"line":49,"column":76}}],"line":49},"10":{"loc":{"start":{"line":65,"column":4},"end":{"line":67,"column":5}},"type":"if","locations":[{"start":{"line":65,"column":4},"end":{"line":67,"column":5}},{"start":{},"end":{}}],"line":65},"11":{"loc":{"start":{"line":65,"column":8},"end":{"line":65,"column":27}},"type":"binary-expr","locations":[{"start":{"line":65,"column":8},"end":{"line":65,"column":14}},{"start":{"line":65,"column":18},"end":{"line":65,"column":27}}],"line":65},"12":{"loc":{"start":{"line":77,"column":4},"end":{"line":79,"column":5}},"type":"if","locations":[{"start":{"line":77,"column":4},"end":{"line":79,"column":5}},{"start":{},"end":{}}],"line":77},"13":{"loc":{"start":{"line":82,"column":4},"end":{"line":84,"column":5}},"type":"if","locations":[{"start":{"line":82,"column":4},"end":{"line":84,"column":5}},{"start":{},"end":{}}],"line":82},"14":{"loc":{"start":{"line":87,"column":4},"end":{"line":89,"column":5}},"type":"if","locations":[{"start":{"line":87,"column":4},"end":{"line":89,"column":5}},{"start":{},"end":{}}],"line":87},"15":{"loc":{"start":{"line":91,"column":17},"end":{"line":91,"column":34}},"type":"binary-expr","locations":[{"start":{"line":91,"column":17},"end":{"line":91,"column":26}},{"start":{"line":91,"column":30},"end":{"line":91,"column":34}}],"line":91}},"s":{"0":1,"1":1,"2":1,"3":1,"4":1,"5":15,"6":1,"7":8,"8":1,"9":8,"10":8,"11":8,"12":8,"13":8,"14":3,"15":5,"16":4,"17":4,"18":2,"19":2,"20":2,"21":3,"22":2,"23":2,"24":1,"25":1,"26":1,"27":0,"28":1,"29":1,"30":1,"31":7,"32":7,"33":7,"34":7,"35":2,"36":5,"37":4,"38":1,"39":3,"40":3,"41":1,"42":2,"43":2,"44":1,"45":1,"46":1,"47":1,"48":1,"49":1,"50":1,"51":1,"52":1,"53":1},"f":{"0":15,"1":8,"2":8,"3":7,"4":1},"b":{"0":[15,2],"1":[8,1],"2":[3,5],"3":[8,7,6],"4":[2,1],"5":[2,0],"6":[1,1],"7":[2,1],"8":[1,0],"9":[1,0],"10":[2,5],"11":[7,6],"12":[1,3],"13":[1,2],"14":[1,1],"15":[1,1]},"_coverageSchema":"1a1c01bbd47fc00a2c39e90264f33305004495a9","hash":"9b53eb69aab1bcd053ad921d56ed9ddaa51abfa2"}
,"C:\\Users\\jor_t\\Desktop\\ToitAtoit\\backend\\users-service\\controllers\\preferencesController.js": {"path":"C:\\Users\\jor_t\\Desktop\\ToitAtoit\\backend\\users-service\\controllers\\preferencesController.js","statementMap":{"0":{"start":{"line":1,"column":13},"end":{"line":1,"column":36}},"1":{"start":{"line":3,"column":0},"end":{"line":14,"column":2}},"2":{"start":{"line":4,"column":2},"end":{"line":13,"column":3}},"3":{"start":{"line":5,"column":19},"end":{"line":8,"column":5}},"4":{"start":{"line":9,"column":4},"end":{"line":9,"column":61}},"5":{"start":{"line":11,"column":4},"end":{"line":11,"column":23}},"6":{"start":{"line":12,"column":4},"end":{"line":12,"column":63}},"7":{"start":{"line":16,"column":0},"end":{"line":65,"column":2}},"8":{"start":{"line":17,"column":2},"end":{"line":64,"column":3}},"9":{"start":{"line":18,"column":19},"end":{"line":18,"column":29}},"10":{"start":{"line":19,"column":22},"end":{"line":19,"column":49}},"11":{"start":{"line":20,"column":22},"end":{"line":20,"column":49}},"12":{"start":{"line":21,"column":21},"end":{"line":21,"column":46}},"13":{"start":{"line":22,"column":20},"end":{"line":22,"column":44}},"14":{"start":{"line":23,"column":17},"end":{"line":23,"column":38}},"15":{"start":{"line":24,"column":23},"end":{"line":24,"column":51}},"16":{"start":{"line":25,"column":25},"end":{"line":25,"column":55}},"17":{"start":{"line":26,"column":27},"end":{"line":26,"column":59}},"18":{"start":{"line":28,"column":19},"end":{"line":54,"column":5}},"19":{"start":{"line":56,"column":4},"end":{"line":56,"column":53}},"20":{"start":{"line":58,"column":4},"end":{"line":61,"column":5}},"21":{"start":{"line":60,"column":6},"end":{"line":60,"column":72}},"22":{"start":{"line":62,"column":4},"end":{"line":62,"column":23}},"23":{"start":{"line":63,"column":4},"end":{"line":63,"column":63}},"24":{"start":{"line":67,"column":0},"end":{"line":77,"column":2}},"25":{"start":{"line":68,"column":2},"end":{"line":76,"column":3}},"26":{"start":{"line":69,"column":4},"end":{"line":71,"column":7}},"27":{"start":{"line":72,"column":4},"end":{"line":72,"column":59}},"28":{"start":{"line":74,"column":4},"end":{"line":74,"column":23}},"29":{"start":{"line":75,"column":4},"end":{"line":75,"column":63}}},"fnMap":{"0":{"name":"(anonymous_0)","decl":{"start":{"line":3,"column":27},"end":{"line":3,"column":28}},"loc":{"start":{"line":3,"column":47},"end":{"line":14,"column":1}},"line":3},"1":{"name":"(anonymous_1)","decl":{"start":{"line":16,"column":30},"end":{"line":16,"column":31}},"loc":{"start":{"line":16,"column":50},"end":{"line":65,"column":1}},"line":16},"2":{"name":"(anonymous_2)","decl":{"start":{"line":67,"column":30},"end":{"line":67,"column":31}},"loc":{"start":{"line":67,"column":50},"end":{"line":77,"column":1}},"line":67}},"branchMap":{"0":{"loc":{"start":{"line":9,"column":35},"end":{"line":9,"column":57}},"type":"binary-expr","locations":[{"start":{"line":9,"column":35},"end":{"line":9,"column":49}},{"start":{"line":9,"column":53},"end":{"line":9,"column":57}}],"line":9},"1":{"loc":{"start":{"line":19,"column":22},"end":{"line":19,"column":49}},"type":"binary-expr","locations":[{"start":{"line":19,"column":22},"end":{"line":19,"column":41}},{"start":{"line":19,"column":45},"end":{"line":19,"column":49}}],"line":19},"2":{"loc":{"start":{"line":20,"column":22},"end":{"line":20,"column":49}},"type":"binary-expr","locations":[{"start":{"line":20,"column":22},"end":{"line":20,"column":41}},{"start":{"line":20,"column":45},"end":{"line":20,"column":49}}],"line":20},"3":{"loc":{"start":{"line":21,"column":21},"end":{"line":21,"column":46}},"type":"binary-expr","locations":[{"start":{"line":21,"column":21},"end":{"line":21,"column":38}},{"start":{"line":21,"column":42},"end":{"line":21,"column":46}}],"line":21},"4":{"loc":{"start":{"line":22,"column":20},"end":{"line":22,"column":44}},"type":"binary-expr","locations":[{"start":{"line":22,"column":20},"end":{"line":22,"column":36}},{"start":{"line":22,"column":40},"end":{"line":22,"column":44}}],"line":22},"5":{"loc":{"start":{"line":23,"column":17},"end":{"line":23,"column":38}},"type":"binary-expr","locations":[{"start":{"line":23,"column":17},"end":{"line":23,"column":30}},{"start":{"line":23,"column":34},"end":{"line":23,"column":38}}],"line":23},"6":{"loc":{"start":{"line":24,"column":23},"end":{"line":24,"column":51}},"type":"binary-expr","locations":[{"start":{"line":24,"column":23},"end":{"line":24,"column":43}},{"start":{"line":24,"column":47},"end":{"line":24,"column":51}}],"line":24},"7":{"loc":{"start":{"line":25,"column":25},"end":{"line":25,"column":55}},"type":"binary-expr","locations":[{"start":{"line":25,"column":25},"end":{"line":25,"column":47}},{"start":{"line":25,"column":51},"end":{"line":25,"column":55}}],"line":25},"8":{"loc":{"start":{"line":26,"column":27},"end":{"line":26,"column":59}},"type":"binary-expr","locations":[{"start":{"line":26,"column":27},"end":{"line":26,"column":51}},{"start":{"line":26,"column":55},"end":{"line":26,"column":59}}],"line":26},"9":{"loc":{"start":{"line":58,"column":4},"end":{"line":61,"column":5}},"type":"if","locations":[{"start":{"line":58,"column":4},"end":{"line":61,"column":5}},{"start":{},"end":{}}],"line":58}},"s":{"0":1,"1":1,"2":3,"3":3,"4":2,"5":1,"6":1,"7":1,"8":4,"9":4,"10":4,"11":4,"12":4,"13":4,"14":4,"15":4,"16":4,"17":4,"18":4,"19":2,"20":2,"21":1,"22":1,"23":1,"24":1,"25":2,"26":2,"27":1,"28":1,"29":1},"f":{"0":3,"1":4,"2":2},"b":{"0":[2,1],"1":[4,2],"2":[4,2],"3":[4,3],"4":[4,4],"5":[4,4],"6":[4,4],"7":[4,4],"8":[4,4],"9":[1,1]},"_coverageSchema":"1a1c01bbd47fc00a2c39e90264f33305004495a9","hash":"8184c30d41d98587d9cfb4f35818fcad3e1de176"}
,"C:\\Users\\jor_t\\Desktop\\ToitAtoit\\backend\\users-service\\controllers\\userController.js": {"path":"C:\\Users\\jor_t\\Desktop\\ToitAtoit\\backend\\users-service\\controllers\\userController.js","statementMap":{"0":{"start":{"line":1,"column":13},"end":{"line":1,"column":36}},"1":{"start":{"line":2,"column":13},"end":{"line":2,"column":38}},"2":{"start":{"line":4,"column":0},"end":{"line":14,"column":2}},"3":{"start":{"line":5,"column":2},"end":{"line":13,"column":3}},"4":{"start":{"line":6,"column":18},"end":{"line":6,"column":70}},"5":{"start":{"line":7,"column":19},"end":{"line":7,"column":69}},"6":{"start":{"line":8,"column":18},"end":{"line":8,"column":55}},"7":{"start":{"line":9,"column":4},"end":{"line":9,"column":46}},"8":{"start":{"line":11,"column":4},"end":{"line":11,"column":23}},"9":{"start":{"line":12,"column":4},"end":{"line":12,"column":63}},"10":{"start":{"line":16,"column":0},"end":{"line":25,"column":2}},"11":{"start":{"line":17,"column":2},"end":{"line":24,"column":3}},"12":{"start":{"line":18,"column":17},"end":{"line":18,"column":51}},"13":{"start":{"line":19,"column":4},"end":{"line":19,"column":83}},"14":{"start":{"line":19,"column":15},"end":{"line":19,"column":83}},"15":{"start":{"line":20,"column":4},"end":{"line":20,"column":30}},"16":{"start":{"line":22,"column":4},"end":{"line":22,"column":23}},"17":{"start":{"line":23,"column":4},"end":{"line":23,"column":63}},"18":{"start":{"line":27,"column":0},"end":{"line":46,"column":2}},"19":{"start":{"line":28,"column":2},"end":{"line":45,"column":3}},"20":{"start":{"line":29,"column":19},"end":{"line":29,"column":29}},"21":{"start":{"line":30,"column":4},"end":{"line":32,"column":5}},"22":{"start":{"line":31,"column":6},"end":{"line":31,"column":59}},"23":{"start":{"line":33,"column":21},"end":{"line":33,"column":53}},"24":{"start":{"line":34,"column":4},"end":{"line":36,"column":5}},"25":{"start":{"line":35,"column":6},"end":{"line":35,"column":66}},"26":{"start":{"line":37,"column":17},"end":{"line":37,"column":60}},"27":{"start":{"line":38,"column":4},"end":{"line":38,"column":30}},"28":{"start":{"line":40,"column":4},"end":{"line":42,"column":5}},"29":{"start":{"line":41,"column":6},"end":{"line":41,"column":81}},"30":{"start":{"line":43,"column":4},"end":{"line":43,"column":23}},"31":{"start":{"line":44,"column":4},"end":{"line":44,"column":63}},"32":{"start":{"line":48,"column":0},"end":{"line":61,"column":2}},"33":{"start":{"line":49,"column":2},"end":{"line":60,"column":3}},"34":{"start":{"line":50,"column":19},"end":{"line":50,"column":29}},"35":{"start":{"line":51,"column":4},"end":{"line":53,"column":5}},"36":{"start":{"line":52,"column":6},"end":{"line":52,"column":59}},"37":{"start":{"line":54,"column":17},"end":{"line":54,"column":46}},"38":{"start":{"line":55,"column":4},"end":{"line":55,"column":83}},"39":{"start":{"line":55,"column":15},"end":{"line":55,"column":83}},"40":{"start":{"line":56,"column":4},"end":{"line":56,"column":30}},"41":{"start":{"line":58,"column":4},"end":{"line":58,"column":23}},"42":{"start":{"line":59,"column":4},"end":{"line":59,"column":63}},"43":{"start":{"line":63,"column":0},"end":{"line":150,"column":2}},"44":{"start":{"line":64,"column":2},"end":{"line":149,"column":3}},"45":{"start":{"line":65,"column":19},"end":{"line":65,"column":29}},"46":{"start":{"line":66,"column":19},"end":{"line":98,"column":5}},"47":{"start":{"line":100,"column":4},"end":{"line":102,"column":5}},"48":{"start":{"line":101,"column":6},"end":{"line":101,"column":74}},"49":{"start":{"line":104,"column":16},"end":{"line":104,"column":30}},"50":{"start":{"line":106,"column":6},"end":{"line":117,"column":11}},"51":{"start":{"line":120,"column":6},"end":{"line":132,"column":11}},"52":{"start":{"line":134,"column":4},"end":{"line":145,"column":7}},"53":{"start":{"line":147,"column":4},"end":{"line":147,"column":23}},"54":{"start":{"line":148,"column":4},"end":{"line":148,"column":63}},"55":{"start":{"line":152,"column":0},"end":{"line":186,"column":2}},"56":{"start":{"line":153,"column":2},"end":{"line":185,"column":3}},"57":{"start":{"line":154,"column":19},"end":{"line":154,"column":29}},"58":{"start":{"line":155,"column":22},"end":{"line":155,"column":49}},"59":{"start":{"line":156,"column":19},"end":{"line":156,"column":42}},"60":{"start":{"line":157,"column":29},"end":{"line":157,"column":63}},"61":{"start":{"line":158,"column":17},"end":{"line":158,"column":38}},"62":{"start":{"line":159,"column":16},"end":{"line":159,"column":36}},"63":{"start":{"line":160,"column":18},"end":{"line":160,"column":40}},"64":{"start":{"line":162,"column":25},"end":{"line":162,"column":53}},"65":{"start":{"line":163,"column":4},"end":{"line":165,"column":5}},"66":{"start":{"line":164,"column":6},"end":{"line":164,"column":64}},"67":{"start":{"line":167,"column":19},"end":{"line":179,"column":5}},"68":{"start":{"line":181,"column":4},"end":{"line":181,"column":49}},"69":{"start":{"line":183,"column":4},"end":{"line":183,"column":23}},"70":{"start":{"line":184,"column":4},"end":{"line":184,"column":63}},"71":{"start":{"line":188,"column":0},"end":{"line":218,"column":2}},"72":{"start":{"line":189,"column":2},"end":{"line":191,"column":3}},"73":{"start":{"line":190,"column":4},"end":{"line":190,"column":72}},"74":{"start":{"line":192,"column":2},"end":{"line":217,"column":3}},"75":{"start":{"line":193,"column":19},"end":{"line":204,"column":5}},"76":{"start":{"line":205,"column":4},"end":{"line":207,"column":5}},"77":{"start":{"line":206,"column":6},"end":{"line":206,"column":74}},"78":{"start":{"line":208,"column":16},"end":{"line":208,"column":30}},"79":{"start":{"line":209,"column":4},"end":{"line":213,"column":7}},"80":{"start":{"line":215,"column":4},"end":{"line":215,"column":23}},"81":{"start":{"line":216,"column":4},"end":{"line":216,"column":63}},"82":{"start":{"line":221,"column":0},"end":{"line":239,"column":2}},"83":{"start":{"line":222,"column":2},"end":{"line":238,"column":3}},"84":{"start":{"line":223,"column":16},"end":{"line":223,"column":63}},"85":{"start":{"line":224,"column":4},"end":{"line":226,"column":5}},"86":{"start":{"line":225,"column":6},"end":{"line":225,"column":63}},"87":{"start":{"line":227,"column":4},"end":{"line":229,"column":5}},"88":{"start":{"line":228,"column":6},"end":{"line":228,"column":71}},"89":{"start":{"line":230,"column":19},"end":{"line":233,"column":5}},"90":{"start":{"line":234,"column":4},"end":{"line":234,"column":44}},"91":{"start":{"line":236,"column":4},"end":{"line":236,"column":23}},"92":{"start":{"line":237,"column":4},"end":{"line":237,"column":63}}},"fnMap":{"0":{"name":"(anonymous_0)","decl":{"start":{"line":4,"column":20},"end":{"line":4,"column":21}},"loc":{"start":{"line":4,"column":40},"end":{"line":14,"column":1}},"line":4},"1":{"name":"(anonymous_1)","decl":{"start":{"line":16,"column":22},"end":{"line":16,"column":23}},"loc":{"start":{"line":16,"column":42},"end":{"line":25,"column":1}},"line":16},"2":{"name":"(anonymous_2)","decl":{"start":{"line":27,"column":21},"end":{"line":27,"column":22}},"loc":{"start":{"line":27,"column":41},"end":{"line":46,"column":1}},"line":27},"3":{"name":"(anonymous_3)","decl":{"start":{"line":48,"column":21},"end":{"line":48,"column":22}},"loc":{"start":{"line":48,"column":41},"end":{"line":61,"column":1}},"line":48},"4":{"name":"(anonymous_4)","decl":{"start":{"line":63,"column":23},"end":{"line":63,"column":24}},"loc":{"start":{"line":63,"column":43},"end":{"line":150,"column":1}},"line":63},"5":{"name":"(anonymous_5)","decl":{"start":{"line":152,"column":26},"end":{"line":152,"column":27}},"loc":{"start":{"line":152,"column":46},"end":{"line":186,"column":1}},"line":152},"6":{"name":"(anonymous_6)","decl":{"start":{"line":188,"column":25},"end":{"line":188,"column":26}},"loc":{"start":{"line":188,"column":45},"end":{"line":218,"column":1}},"line":188},"7":{"name":"(anonymous_7)","decl":{"start":{"line":221,"column":21},"end":{"line":221,"column":22}},"loc":{"start":{"line":221,"column":41},"end":{"line":239,"column":1}},"line":221}},"branchMap":{"0":{"loc":{"start":{"line":6,"column":36},"end":{"line":6,"column":59}},"type":"binary-expr","locations":[{"start":{"line":6,"column":36},"end":{"line":6,"column":51}},{"start":{"line":6,"column":55},"end":{"line":6,"column":59}}],"line":6},"1":{"loc":{"start":{"line":7,"column":37},"end":{"line":7,"column":60}},"type":"binary-expr","locations":[{"start":{"line":7,"column":37},"end":{"line":7,"column":53}},{"start":{"line":7,"column":57},"end":{"line":7,"column":60}}],"line":7},"2":{"loc":{"start":{"line":19,"column":4},"end":{"line":19,"column":83}},"type":"if","locations":[{"start":{"line":19,"column":4},"end":{"line":19,"column":83}},{"start":{},"end":{}}],"line":19},"3":{"loc":{"start":{"line":30,"column":4},"end":{"line":32,"column":5}},"type":"if","locations":[{"start":{"line":30,"column":4},"end":{"line":32,"column":5}},{"start":{},"end":{}}],"line":30},"4":{"loc":{"start":{"line":33,"column":22},"end":{"line":33,"column":45}},"type":"binary-expr","locations":[{"start":{"line":33,"column":22},"end":{"line":33,"column":39}},{"start":{"line":33,"column":43},"end":{"line":33,"column":45}}],"line":33},"5":{"loc":{"start":{"line":34,"column":4},"end":{"line":36,"column":5}},"type":"if","locations":[{"start":{"line":34,"column":4},"end":{"line":36,"column":5}},{"start":{},"end":{}}],"line":34},"6":{"loc":{"start":{"line":40,"column":4},"end":{"line":42,"column":5}},"type":"if","locations":[{"start":{"line":40,"column":4},"end":{"line":42,"column":5}},{"start":{},"end":{}}],"line":40},"7":{"loc":{"start":{"line":51,"column":4},"end":{"line":53,"column":5}},"type":"if","locations":[{"start":{"line":51,"column":4},"end":{"line":53,"column":5}},{"start":{},"end":{}}],"line":51},"8":{"loc":{"start":{"line":55,"column":4},"end":{"line":55,"column":83}},"type":"if","locations":[{"start":{"line":55,"column":4},"end":{"line":55,"column":83}},{"start":{},"end":{}}],"line":55},"9":{"loc":{"start":{"line":100,"column":4},"end":{"line":102,"column":5}},"type":"if","locations":[{"start":{"line":100,"column":4},"end":{"line":102,"column":5}},{"start":{},"end":{}}],"line":100},"10":{"loc":{"start":{"line":106,"column":6},"end":{"line":117,"column":11}},"type":"cond-expr","locations":[{"start":{"line":107,"column":10},"end":{"line":107,"column":14}},{"start":{"line":108,"column":10},"end":{"line":117,"column":11}}],"line":106},"11":{"loc":{"start":{"line":120,"column":6},"end":{"line":132,"column":11}},"type":"cond-expr","locations":[{"start":{"line":121,"column":10},"end":{"line":121,"column":14}},{"start":{"line":122,"column":10},"end":{"line":132,"column":11}}],"line":120},"12":{"loc":{"start":{"line":155,"column":22},"end":{"line":155,"column":49}},"type":"binary-expr","locations":[{"start":{"line":155,"column":22},"end":{"line":155,"column":41}},{"start":{"line":155,"column":45},"end":{"line":155,"column":49}}],"line":155},"13":{"loc":{"start":{"line":156,"column":19},"end":{"line":156,"column":42}},"type":"binary-expr","locations":[{"start":{"line":156,"column":19},"end":{"line":156,"column":34}},{"start":{"line":156,"column":38},"end":{"line":156,"column":42}}],"line":156},"14":{"loc":{"start":{"line":157,"column":29},"end":{"line":157,"column":63}},"type":"binary-expr","locations":[{"start":{"line":157,"column":29},"end":{"line":157,"column":55}},{"start":{"line":157,"column":59},"end":{"line":157,"column":63}}],"line":157},"15":{"loc":{"start":{"line":158,"column":17},"end":{"line":158,"column":38}},"type":"binary-expr","locations":[{"start":{"line":158,"column":17},"end":{"line":158,"column":30}},{"start":{"line":158,"column":34},"end":{"line":158,"column":38}}],"line":158},"16":{"loc":{"start":{"line":159,"column":16},"end":{"line":159,"column":36}},"type":"binary-expr","locations":[{"start":{"line":159,"column":16},"end":{"line":159,"column":28}},{"start":{"line":159,"column":32},"end":{"line":159,"column":36}}],"line":159},"17":{"loc":{"start":{"line":160,"column":18},"end":{"line":160,"column":40}},"type":"binary-expr","locations":[{"start":{"line":160,"column":18},"end":{"line":160,"column":32}},{"start":{"line":160,"column":36},"end":{"line":160,"column":40}}],"line":160},"18":{"loc":{"start":{"line":163,"column":4},"end":{"line":165,"column":5}},"type":"if","locations":[{"start":{"line":163,"column":4},"end":{"line":165,"column":5}},{"start":{},"end":{}}],"line":163},"19":{"loc":{"start":{"line":163,"column":8},"end":{"line":163,"column":48}},"type":"binary-expr","locations":[{"start":{"line":163,"column":8},"end":{"line":163,"column":21}},{"start":{"line":163,"column":25},"end":{"line":163,"column":48}}],"line":163},"20":{"loc":{"start":{"line":189,"column":2},"end":{"line":191,"column":3}},"type":"if","locations":[{"start":{"line":189,"column":2},"end":{"line":191,"column":3}},{"start":{},"end":{}}],"line":189},"21":{"loc":{"start":{"line":205,"column":4},"end":{"line":207,"column":5}},"type":"if","locations":[{"start":{"line":205,"column":4},"end":{"line":207,"column":5}},{"start":{},"end":{}}],"line":205},"22":{"loc":{"start":{"line":223,"column":16},"end":{"line":223,"column":63}},"type":"cond-expr","locations":[{"start":{"line":223,"column":46},"end":{"line":223,"column":58}},{"start":{"line":223,"column":61},"end":{"line":223,"column":63}}],"line":223},"23":{"loc":{"start":{"line":224,"column":4},"end":{"line":226,"column":5}},"type":"if","locations":[{"start":{"line":224,"column":4},"end":{"line":226,"column":5}},{"start":{},"end":{}}],"line":224},"24":{"loc":{"start":{"line":227,"column":4},"end":{"line":229,"column":5}},"type":"if","locations":[{"start":{"line":227,"column":4},"end":{"line":229,"column":5}},{"start":{},"end":{}}],"line":227}},"s":{"0":1,"1":1,"2":1,"3":3,"4":3,"5":3,"6":3,"7":2,"8":1,"9":1,"10":1,"11":3,"12":3,"13":2,"14":1,"15":1,"16":1,"17":1,"18":1,"19":4,"20":4,"21":4,"22":1,"23":3,"24":3,"25":1,"26":2,"27":1,"28":1,"29":1,"30":0,"31":0,"32":1,"33":3,"34":3,"35":3,"36":1,"37":2,"38":2,"39":1,"40":1,"41":0,"42":0,"43":1,"44":0,"45":0,"46":0,"47":0,"48":0,"49":0,"50":0,"51":0,"52":0,"53":0,"54":0,"55":1,"56":4,"57":4,"58":4,"59":4,"60":4,"61":4,"62":4,"63":4,"64":4,"65":4,"66":1,"67":3,"68":2,"69":1,"70":1,"71":1,"72":0,"73":0,"74":0,"75":0,"76":0,"77":0,"78":0,"79":0,"80":0,"81":0,"82":1,"83":3,"84":3,"85":3,"86":1,"87":2,"88":1,"89":1,"90":1,"91":0,"92":0},"f":{"0":3,"1":3,"2":4,"3":3,"4":0,"5":4,"6":0,"7":3},"b":{"0":[3,2],"1":[3,2],"2":[1,1],"3":[1,3],"4":[3,0],"5":[1,2],"6":[1,0],"7":[1,2],"8":[1,1],"9":[0,0],"10":[0,0],"11":[0,0],"12":[4,4],"13":[4,4],"14":[4,4],"15":[4,0],"16":[4,4],"17":[4,4],"18":[1,3],"19":[4,4],"20":[0,0],"21":[0,0],"22":[3,0],"23":[1,2],"24":[1,1]},"_coverageSchema":"1a1c01bbd47fc00a2c39e90264f33305004495a9","hash":"d408e18fdc3e2c801cc1e134ce99c34b1a6b7fe3"}
,"C:\\Users\\jor_t\\Desktop\\ToitAtoit\\backend\\users-service\\middleware\\authMiddleware.js": {"path":"C:\\Users\\jor_t\\Desktop\\ToitAtoit\\backend\\users-service\\middleware\\authMiddleware.js","statementMap":{"0":{"start":{"line":1,"column":24},"end":{"line":1,"column":54}},"1":{"start":{"line":3,"column":23},"end":{"line":9,"column":1}},"2":{"start":{"line":4,"column":2},"end":{"line":4,"column":33}},"3":{"start":{"line":4,"column":21},"end":{"line":4,"column":33}},"4":{"start":{"line":5,"column":16},"end":{"line":5,"column":60}},"5":{"start":{"line":5,"column":51},"end":{"line":5,"column":59}},"6":{"start":{"line":6,"column":16},"end":{"line":6,"column":59}},"7":{"start":{"line":6,"column":34},"end":{"line":6,"column":58}},"8":{"start":{"line":7,"column":2},"end":{"line":7,"column":26}},"9":{"start":{"line":7,"column":14},"end":{"line":7,"column":26}},"10":{"start":{"line":8,"column":2},"end":{"line":8,"column":58}},"11":{"start":{"line":11,"column":23},"end":{"line":29,"column":1}},"12":{"start":{"line":12,"column":2},"end":{"line":28,"column":3}},"13":{"start":{"line":13,"column":23},"end":{"line":13,"column":54}},"14":{"start":{"line":14,"column":24},"end":{"line":16,"column":12}},"15":{"start":{"line":17,"column":24},"end":{"line":17,"column":67}},"16":{"start":{"line":18,"column":18},"end":{"line":18,"column":44}},"17":{"start":{"line":19,"column":4},"end":{"line":21,"column":5}},"18":{"start":{"line":20,"column":6},"end":{"line":20,"column":84}},"19":{"start":{"line":22,"column":20},"end":{"line":22,"column":38}},"20":{"start":{"line":23,"column":4},"end":{"line":23,"column":32}},"21":{"start":{"line":24,"column":4},"end":{"line":24,"column":40}},"22":{"start":{"line":25,"column":4},"end":{"line":25,"column":11}},"23":{"start":{"line":27,"column":4},"end":{"line":27,"column":71}},"24":{"start":{"line":31,"column":0},"end":{"line":31,"column":32}}},"fnMap":{"0":{"name":"(anonymous_0)","decl":{"start":{"line":3,"column":23},"end":{"line":3,"column":24}},"loc":{"start":{"line":3,"column":47},"end":{"line":9,"column":1}},"line":3},"1":{"name":"(anonymous_1)","decl":{"start":{"line":5,"column":44},"end":{"line":5,"column":45}},"loc":{"start":{"line":5,"column":51},"end":{"line":5,"column":59}},"line":5},"2":{"name":"(anonymous_2)","decl":{"start":{"line":6,"column":27},"end":{"line":6,"column":28}},"loc":{"start":{"line":6,"column":34},"end":{"line":6,"column":58}},"line":6},"3":{"name":"(anonymous_3)","decl":{"start":{"line":11,"column":23},"end":{"line":11,"column":24}},"loc":{"start":{"line":11,"column":43},"end":{"line":29,"column":1}},"line":11}},"branchMap":{"0":{"loc":{"start":{"line":4,"column":2},"end":{"line":4,"column":33}},"type":"if","locations":[{"start":{"line":4,"column":2},"end":{"line":4,"column":33}},{"start":{},"end":{}}],"line":4},"1":{"loc":{"start":{"line":7,"column":2},"end":{"line":7,"column":26}},"type":"if","locations":[{"start":{"line":7,"column":2},"end":{"line":7,"column":26}},{"start":{},"end":{}}],"line":7},"2":{"loc":{"start":{"line":13,"column":23},"end":{"line":13,"column":54}},"type":"binary-expr","locations":[{"start":{"line":13,"column":23},"end":{"line":13,"column":48}},{"start":{"line":13,"column":52},"end":{"line":13,"column":54}}],"line":13},"3":{"loc":{"start":{"line":14,"column":24},"end":{"line":16,"column":12}},"type":"cond-expr","locations":[{"start":{"line":15,"column":8},"end":{"line":15,"column":42}},{"start":{"line":16,"column":8},"end":{"line":16,"column":12}}],"line":14},"4":{"loc":{"start":{"line":18,"column":18},"end":{"line":18,"column":44}},"type":"binary-expr","locations":[{"start":{"line":18,"column":18},"end":{"line":18,"column":29}},{"start":{"line":18,"column":33},"end":{"line":18,"column":44}}],"line":18},"5":{"loc":{"start":{"line":19,"column":4},"end":{"line":21,"column":5}},"type":"if","locations":[{"start":{"line":19,"column":4},"end":{"line":21,"column":5}},{"start":{},"end":{}}],"line":19},"6":{"loc":{"start":{"line":24,"column":19},"end":{"line":24,"column":39}},"type":"binary-expr","locations":[{"start":{"line":24,"column":19},"end":{"line":24,"column":31}},{"start":{"line":24,"column":35},"end":{"line":24,"column":39}}],"line":24}},"s":{"0":1,"1":1,"2":5,"3":3,"4":2,"5":2,"6":2,"7":2,"8":2,"9":0,"10":2,"11":1,"12":5,"13":5,"14":5,"15":5,"16":5,"17":5,"18":1,"19":4,"20":3,"21":3,"22":3,"23":1,"24":1},"f":{"0":5,"1":2,"2":2,"3":5},"b":{"0":[3,2],"1":[0,2],"2":[5,2],"3":[3,2],"4":[5,2],"5":[1,4],"6":[3,3]},"_coverageSchema":"1a1c01bbd47fc00a2c39e90264f33305004495a9","hash":"de5e334fb8aa6d5e67825e28b667236868d58dd9"}
}
