{"C:\\Users\\jor_t\\Desktop\\ToitAtoit\\backend\\users-service\\controllers\\authController.js": {"path":"C:\\Users\\jor_t\\Desktop\\ToitAtoit\\backend\\users-service\\controllers\\authController.js","statementMap":{"0":{"start":{"line":1,"column":15},"end":{"line":1,"column":32}},"1":{"start":{"line":2,"column":23},"end":{"line":2,"column":40}},"2":{"start":{"line":3,"column":13},"end":{"line":3,"column":36}},"3":{"start":{"line":4,"column":26},"end":{"line":4,"column":56}},"4":{"start":{"line":6,"column":23},"end":{"line":6,"column":68}},"5":{"start":{"line":6,"column":34},"end":{"line":6,"column":68}},"6":{"start":{"line":7,"column":26},"end":{"line":7,"column":63}},"7":{"start":{"line":7,"column":40},"end":{"line":7,"column":63}},"8":{"start":{"line":9,"column":0},"end":{"line":58,"column":2}},"9":{"start":{"line":10,"column":2},"end":{"line":57,"column":3}},"10":{"start":{"line":11,"column":21},"end":{"line":11,"column":57}},"11":{"start":{"line":12,"column":18},"end":{"line":12,"column":48}},"12":{"start":{"line":13,"column":21},"end":{"line":13,"column":38}},"13":{"start":{"line":15,"column":4},"end":{"line":19,"column":5}},"14":{"start":{"line":16,"column":6},"end":{"line":18,"column":9}},"15":{"start":{"line":21,"column":27},"end":{"line":21,"column":58}},"16":{"start":{"line":22,"column":19},"end":{"line":22,"column":31}},"17":{"start":{"line":24,"column":4},"end":{"line":27,"column":6}},"18":{"start":{"line":29,"column":18},"end":{"line":29,"column":39}},"19":{"start":{"line":30,"column":4},"end":{"line":36,"column":7}},"20":{"start":{"line":38,"column":4},"end":{"line":42,"column":7}},"21":{"start":{"line":44,"column":4},"end":{"line":53,"column":5}},"22":{"start":{"line":45,"column":25},"end":{"line":45,"column":45}},"23":{"start":{"line":46,"column":6},"end":{"line":48,"column":7}},"24":{"start":{"line":47,"column":8},"end":{"line":47,"column":83}},"25":{"start":{"line":49,"column":6},"end":{"line":51,"column":7}},"26":{"start":{"line":50,"column":8},"end":{"line":50,"column":71}},"27":{"start":{"line":52,"column":6},"end":{"line":52,"column":76}},"28":{"start":{"line":55,"column":4},"end":{"line":55,"column":23}},"29":{"start":{"line":56,"column":4},"end":{"line":56,"column":63}},"30":{"start":{"line":60,"column":0},"end":{"line":105,"column":2}},"31":{"start":{"line":61,"column":2},"end":{"line":104,"column":3}},"32":{"start":{"line":62,"column":18},"end":{"line":62,"column":48}},"33":{"start":{"line":63,"column":21},"end":{"line":63,"column":38}},"34":{"start":{"line":65,"column":4},"end":{"line":67,"column":5}},"35":{"start":{"line":66,"column":6},"end":{"line":66,"column":79}},"36":{"start":{"line":69,"column":19},"end":{"line":72,"column":5}},"37":{"start":{"line":74,"column":4},"end":{"line":76,"column":5}},"38":{"start":{"line":75,"column":6},"end":{"line":75,"column":73}},"39":{"start":{"line":78,"column":17},"end":{"line":78,"column":31}},"40":{"start":{"line":79,"column":4},"end":{"line":81,"column":5}},"41":{"start":{"line":80,"column":6},"end":{"line":80,"column":73}},"42":{"start":{"line":83,"column":20},"end":{"line":83,"column":70}},"43":{"start":{"line":84,"column":4},"end":{"line":86,"column":5}},"44":{"start":{"line":85,"column":6},"end":{"line":85,"column":73}},"45":{"start":{"line":88,"column":18},"end":{"line":88,"column":40}},"46":{"start":{"line":89,"column":4},"end":{"line":94,"column":7}},"47":{"start":{"line":96,"column":4},"end":{"line":100,"column":7}},"48":{"start":{"line":102,"column":4},"end":{"line":102,"column":23}},"49":{"start":{"line":103,"column":4},"end":{"line":103,"column":63}},"50":{"start":{"line":107,"column":0},"end":{"line":114,"column":2}},"51":{"start":{"line":108,"column":2},"end":{"line":112,"column":5}},"52":{"start":{"line":113,"column":2},"end":{"line":113,"column":54}}},"fnMap":{"0":{"name":"(anonymous_0)","decl":{"start":{"line":6,"column":23},"end":{"line":6,"column":24}},"loc":{"start":{"line":6,"column":34},"end":{"line":6,"column":68}},"line":6},"1":{"name":"(anonymous_1)","decl":{"start":{"line":7,"column":26},"end":{"line":7,"column":27}},"loc":{"start":{"line":7,"column":40},"end":{"line":7,"column":63}},"line":7},"2":{"name":"(anonymous_2)","decl":{"start":{"line":9,"column":17},"end":{"line":9,"column":18}},"loc":{"start":{"line":9,"column":37},"end":{"line":58,"column":1}},"line":9},"3":{"name":"(anonymous_3)","decl":{"start":{"line":60,"column":16},"end":{"line":60,"column":17}},"loc":{"start":{"line":60,"column":36},"end":{"line":105,"column":1}},"line":60},"4":{"name":"(anonymous_4)","decl":{"start":{"line":107,"column":17},"end":{"line":107,"column":18}},"loc":{"start":{"line":107,"column":31},"end":{"line":114,"column":1}},"line":107}},"branchMap":{"0":{"loc":{"start":{"line":6,"column":35},"end":{"line":6,"column":46}},"type":"binary-expr","locations":[{"start":{"line":6,"column":35},"end":{"line":6,"column":40}},{"start":{"line":6,"column":44},"end":{"line":6,"column":46}}],"line":6},"1":{"loc":{"start":{"line":7,"column":41},"end":{"line":7,"column":55}},"type":"binary-expr","locations":[{"start":{"line":7,"column":41},"end":{"line":7,"column":49}},{"start":{"line":7,"column":53},"end":{"line":7,"column":55}}],"line":7},"2":{"loc":{"start":{"line":15,"column":4},"end":{"line":19,"column":5}},"type":"if","locations":[{"start":{"line":15,"column":4},"end":{"line":19,"column":5}},{"start":{},"end":{}}],"line":15},"3":{"loc":{"start":{"line":15,"column":8},"end":{"line":15,"column":40}},"type":"binary-expr","locations":[{"start":{"line":15,"column":8},"end":{"line":15,"column":17}},{"start":{"line":15,"column":21},"end":{"line":15,"column":27}},{"start":{"line":15,"column":31},"end":{"line":15,"column":40}}],"line":15},"4":{"loc":{"start":{"line":44,"column":4},"end":{"line":53,"column":5}},"type":"if","locations":[{"start":{"line":44,"column":4},"end":{"line":53,"column":5}},{"start":{},"end":{}}],"line":44},"5":{"loc":{"start":{"line":45,"column":25},"end":{"line":45,"column":45}},"type":"binary-expr","locations":[{"start":{"line":45,"column":25},"end":{"line":45,"column":39}},{"start":{"line":45,"column":43},"end":{"line":45,"column":45}}],"line":45},"6":{"loc":{"start":{"line":46,"column":6},"end":{"line":48,"column":7}},"type":"if","locations":[{"start":{"line":46,"column":6},"end":{"line":48,"column":7}},{"start":{},"end":{}}],"line":46},"7":{"loc":{"start":{"line":46,"column":10},"end":{"line":46,"column":82}},"type":"binary-expr","locations":[{"start":{"line":46,"column":10},"end":{"line":46,"column":47}},{"start":{"line":46,"column":51},"end":{"line":46,"column":82}}],"line":46},"8":{"loc":{"start":{"line":49,"column":6},"end":{"line":51,"column":7}},"type":"if","locations":[{"start":{"line":49,"column":6},"end":{"line":51,"column":7}},{"start":{},"end":{}}],"line":49},"9":{"loc":{"start":{"line":49,"column":10},"end":{"line":49,"column":76}},"type":"binary-expr","locations":[{"start":{"line":49,"column":10},"end":{"line":49,"column":44}},{"start":{"line":49,"column":48},"end":{"line":49,"column":76}}],"line":49},"10":{"loc":{"start":{"line":65,"column":4},"end":{"line":67,"column":5}},"type":"if","locations":[{"start":{"line":65,"column":4},"end":{"line":67,"column":5}},{"start":{},"end":{}}],"line":65},"11":{"loc":{"start":{"line":65,"column":8},"end":{"line":65,"column":27}},"type":"binary-expr","locations":[{"start":{"line":65,"column":8},"end":{"line":65,"column":14}},{"start":{"line":65,"column":18},"end":{"line":65,"column":27}}],"line":65},"12":{"loc":{"start":{"line":74,"column":4},"end":{"line":76,"column":5}},"type":"if","locations":[{"start":{"line":74,"column":4},"end":{"line":76,"column":5}},{"start":{},"end":{}}],"line":74},"13":{"loc":{"start":{"line":79,"column":4},"end":{"line":81,"column":5}},"type":"if","locations":[{"start":{"line":79,"column":4},"end":{"line":81,"column":5}},{"start":{},"end":{}}],"line":79},"14":{"loc":{"start":{"line":84,"column":4},"end":{"line":86,"column":5}},"type":"if","locations":[{"start":{"line":84,"column":4},"end":{"line":86,"column":5}},{"start":{},"end":{}}],"line":84}},"s":{"0":1,"1":1,"2":1,"3":1,"4":1,"5":15,"6":1,"7":8,"8":1,"9":8,"10":8,"11":8,"12":8,"13":8,"14":3,"15":5,"16":4,"17":4,"18":2,"19":2,"20":2,"21":3,"22":2,"23":2,"24":1,"25":1,"26":1,"27":0,"28":1,"29":1,"30":1,"31":7,"32":7,"33":7,"34":7,"35":2,"36":5,"37":4,"38":1,"39":3,"40":3,"41":1,"42":2,"43":2,"44":1,"45":1,"46":1,"47":1,"48":1,"49":1,"50":1,"51":1,"52":1},"f":{"0":15,"1":8,"2":8,"3":7,"4":1},"b":{"0":[15,2],"1":[8,1],"2":[3,5],"3":[8,7,6],"4":[2,1],"5":[2,0],"6":[1,1],"7":[2,1],"8":[1,0],"9":[1,0],"10":[2,5],"11":[7,6],"12":[1,3],"13":[1,2],"14":[1,1]},"_coverageSchema":"1a1c01bbd47fc00a2c39e90264f33305004495a9","hash":"378fd75b09b887ac1e3334a71d24932bb047c58f"}
,"C:\\Users\\jor_t\\Desktop\\ToitAtoit\\backend\\users-service\\controllers\\preferencesController.js": {"path":"C:\\Users\\jor_t\\Desktop\\ToitAtoit\\backend\\users-service\\controllers\\preferencesController.js","statementMap":{"0":{"start":{"line":1,"column":13},"end":{"line":1,"column":36}},"1":{"start":{"line":3,"column":0},"end":{"line":14,"column":2}},"2":{"start":{"line":4,"column":2},"end":{"line":13,"column":3}},"3":{"start":{"line":5,"column":19},"end":{"line":8,"column":5}},"4":{"start":{"line":9,"column":4},"end":{"line":9,"column":61}},"5":{"start":{"line":11,"column":4},"end":{"line":11,"column":23}},"6":{"start":{"line":12,"column":4},"end":{"line":12,"column":63}},"7":{"start":{"line":16,"column":0},"end":{"line":65,"column":2}},"8":{"start":{"line":17,"column":2},"end":{"line":64,"column":3}},"9":{"start":{"line":18,"column":19},"end":{"line":18,"column":29}},"10":{"start":{"line":19,"column":22},"end":{"line":19,"column":49}},"11":{"start":{"line":20,"column":22},"end":{"line":20,"column":49}},"12":{"start":{"line":21,"column":21},"end":{"line":21,"column":46}},"13":{"start":{"line":22,"column":20},"end":{"line":22,"column":44}},"14":{"start":{"line":23,"column":17},"end":{"line":23,"column":38}},"15":{"start":{"line":24,"column":23},"end":{"line":24,"column":51}},"16":{"start":{"line":25,"column":25},"end":{"line":25,"column":55}},"17":{"start":{"line":26,"column":27},"end":{"line":26,"column":59}},"18":{"start":{"line":28,"column":19},"end":{"line":54,"column":5}},"19":{"start":{"line":56,"column":4},"end":{"line":56,"column":53}},"20":{"start":{"line":58,"column":4},"end":{"line":61,"column":5}},"21":{"start":{"line":60,"column":6},"end":{"line":60,"column":72}},"22":{"start":{"line":62,"column":4},"end":{"line":62,"column":23}},"23":{"start":{"line":63,"column":4},"end":{"line":63,"column":63}},"24":{"start":{"line":67,"column":0},"end":{"line":77,"column":2}},"25":{"start":{"line":68,"column":2},"end":{"line":76,"column":3}},"26":{"start":{"line":69,"column":4},"end":{"line":71,"column":7}},"27":{"start":{"line":72,"column":4},"end":{"line":72,"column":59}},"28":{"start":{"line":74,"column":4},"end":{"line":74,"column":23}},"29":{"start":{"line":75,"column":4},"end":{"line":75,"column":63}}},"fnMap":{"0":{"name":"(anonymous_0)","decl":{"start":{"line":3,"column":27},"end":{"line":3,"column":28}},"loc":{"start":{"line":3,"column":47},"end":{"line":14,"column":1}},"line":3},"1":{"name":"(anonymous_1)","decl":{"start":{"line":16,"column":30},"end":{"line":16,"column":31}},"loc":{"start":{"line":16,"column":50},"end":{"line":65,"column":1}},"line":16},"2":{"name":"(anonymous_2)","decl":{"start":{"line":67,"column":30},"end":{"line":67,"column":31}},"loc":{"start":{"line":67,"column":50},"end":{"line":77,"column":1}},"line":67}},"branchMap":{"0":{"loc":{"start":{"line":9,"column":35},"end":{"line":9,"column":57}},"type":"binary-expr","locations":[{"start":{"line":9,"column":35},"end":{"line":9,"column":49}},{"start":{"line":9,"column":53},"end":{"line":9,"column":57}}],"line":9},"1":{"loc":{"start":{"line":19,"column":22},"end":{"line":19,"column":49}},"type":"binary-expr","locations":[{"start":{"line":19,"column":22},"end":{"line":19,"column":41}},{"start":{"line":19,"column":45},"end":{"line":19,"column":49}}],"line":19},"2":{"loc":{"start":{"line":20,"column":22},"end":{"line":20,"column":49}},"type":"binary-expr","locations":[{"start":{"line":20,"column":22},"end":{"line":20,"column":41}},{"start":{"line":20,"column":45},"end":{"line":20,"column":49}}],"line":20},"3":{"loc":{"start":{"line":21,"column":21},"end":{"line":21,"column":46}},"type":"binary-expr","locations":[{"start":{"line":21,"column":21},"end":{"line":21,"column":38}},{"start":{"line":21,"column":42},"end":{"line":21,"column":46}}],"line":21},"4":{"loc":{"start":{"line":22,"column":20},"end":{"line":22,"column":44}},"type":"binary-expr","locations":[{"start":{"line":22,"column":20},"end":{"line":22,"column":36}},{"start":{"line":22,"column":40},"end":{"line":22,"column":44}}],"line":22},"5":{"loc":{"start":{"line":23,"column":17},"end":{"line":23,"column":38}},"type":"binary-expr","locations":[{"start":{"line":23,"column":17},"end":{"line":23,"column":30}},{"start":{"line":23,"column":34},"end":{"line":23,"column":38}}],"line":23},"6":{"loc":{"start":{"line":24,"column":23},"end":{"line":24,"column":51}},"type":"binary-expr","locations":[{"start":{"line":24,"column":23},"end":{"line":24,"column":43}},{"start":{"line":24,"column":47},"end":{"line":24,"column":51}}],"line":24},"7":{"loc":{"start":{"line":25,"column":25},"end":{"line":25,"column":55}},"type":"binary-expr","locations":[{"start":{"line":25,"column":25},"end":{"line":25,"column":47}},{"start":{"line":25,"column":51},"end":{"line":25,"column":55}}],"line":25},"8":{"loc":{"start":{"line":26,"column":27},"end":{"line":26,"column":59}},"type":"binary-expr","locations":[{"start":{"line":26,"column":27},"end":{"line":26,"column":51}},{"start":{"line":26,"column":55},"end":{"line":26,"column":59}}],"line":26},"9":{"loc":{"start":{"line":58,"column":4},"end":{"line":61,"column":5}},"type":"if","locations":[{"start":{"line":58,"column":4},"end":{"line":61,"column":5}},{"start":{},"end":{}}],"line":58}},"s":{"0":1,"1":1,"2":3,"3":3,"4":2,"5":1,"6":1,"7":1,"8":4,"9":4,"10":4,"11":4,"12":4,"13":4,"14":4,"15":4,"16":4,"17":4,"18":4,"19":2,"20":2,"21":1,"22":1,"23":1,"24":1,"25":2,"26":2,"27":1,"28":1,"29":1},"f":{"0":3,"1":4,"2":2},"b":{"0":[2,1],"1":[4,2],"2":[4,2],"3":[4,3],"4":[4,4],"5":[4,4],"6":[4,4],"7":[4,4],"8":[4,4],"9":[1,1]},"_coverageSchema":"1a1c01bbd47fc00a2c39e90264f33305004495a9","hash":"8184c30d41d98587d9cfb4f35818fcad3e1de176"}
,"C:\\Users\\jor_t\\Desktop\\ToitAtoit\\backend\\users-service\\controllers\\userController.js": {"path":"C:\\Users\\jor_t\\Desktop\\ToitAtoit\\backend\\users-service\\controllers\\userController.js","statementMap":{"0":{"start":{"line":1,"column":13},"end":{"line":1,"column":36}},"1":{"start":{"line":2,"column":13},"end":{"line":2,"column":38}},"2":{"start":{"line":4,"column":0},"end":{"line":14,"column":2}},"3":{"start":{"line":5,"column":2},"end":{"line":13,"column":3}},"4":{"start":{"line":6,"column":18},"end":{"line":6,"column":70}},"5":{"start":{"line":7,"column":19},"end":{"line":7,"column":69}},"6":{"start":{"line":8,"column":18},"end":{"line":8,"column":55}},"7":{"start":{"line":9,"column":4},"end":{"line":9,"column":46}},"8":{"start":{"line":11,"column":4},"end":{"line":11,"column":23}},"9":{"start":{"line":12,"column":4},"end":{"line":12,"column":63}},"10":{"start":{"line":16,"column":0},"end":{"line":25,"column":2}},"11":{"start":{"line":17,"column":2},"end":{"line":24,"column":3}},"12":{"start":{"line":18,"column":17},"end":{"line":18,"column":51}},"13":{"start":{"line":19,"column":4},"end":{"line":19,"column":83}},"14":{"start":{"line":19,"column":15},"end":{"line":19,"column":83}},"15":{"start":{"line":20,"column":4},"end":{"line":20,"column":30}},"16":{"start":{"line":22,"column":4},"end":{"line":22,"column":23}},"17":{"start":{"line":23,"column":4},"end":{"line":23,"column":63}},"18":{"start":{"line":27,"column":0},"end":{"line":46,"column":2}},"19":{"start":{"line":28,"column":2},"end":{"line":45,"column":3}},"20":{"start":{"line":29,"column":19},"end":{"line":29,"column":29}},"21":{"start":{"line":30,"column":4},"end":{"line":32,"column":5}},"22":{"start":{"line":31,"column":6},"end":{"line":31,"column":59}},"23":{"start":{"line":33,"column":21},"end":{"line":33,"column":53}},"24":{"start":{"line":34,"column":4},"end":{"line":36,"column":5}},"25":{"start":{"line":35,"column":6},"end":{"line":35,"column":66}},"26":{"start":{"line":37,"column":17},"end":{"line":37,"column":60}},"27":{"start":{"line":38,"column":4},"end":{"line":38,"column":30}},"28":{"start":{"line":40,"column":4},"end":{"line":42,"column":5}},"29":{"start":{"line":41,"column":6},"end":{"line":41,"column":81}},"30":{"start":{"line":43,"column":4},"end":{"line":43,"column":23}},"31":{"start":{"line":44,"column":4},"end":{"line":44,"column":63}},"32":{"start":{"line":48,"column":0},"end":{"line":61,"column":2}},"33":{"start":{"line":49,"column":2},"end":{"line":60,"column":3}},"34":{"start":{"line":50,"column":19},"end":{"line":50,"column":29}},"35":{"start":{"line":51,"column":4},"end":{"line":53,"column":5}},"36":{"start":{"line":52,"column":6},"end":{"line":52,"column":59}},"37":{"start":{"line":54,"column":17},"end":{"line":54,"column":46}},"38":{"start":{"line":55,"column":4},"end":{"line":55,"column":83}},"39":{"start":{"line":55,"column":15},"end":{"line":55,"column":83}},"40":{"start":{"line":56,"column":4},"end":{"line":56,"column":30}},"41":{"start":{"line":58,"column":4},"end":{"line":58,"column":23}},"42":{"start":{"line":59,"column":4},"end":{"line":59,"column":63}},"43":{"start":{"line":63,"column":0},"end":{"line":148,"column":2}},"44":{"start":{"line":64,"column":2},"end":{"line":147,"column":3}},"45":{"start":{"line":65,"column":19},"end":{"line":65,"column":29}},"46":{"start":{"line":66,"column":19},"end":{"line":97,"column":5}},"47":{"start":{"line":99,"column":4},"end":{"line":101,"column":5}},"48":{"start":{"line":100,"column":6},"end":{"line":100,"column":74}},"49":{"start":{"line":103,"column":16},"end":{"line":103,"column":30}},"50":{"start":{"line":105,"column":6},"end":{"line":115,"column":11}},"51":{"start":{"line":118,"column":6},"end":{"line":130,"column":11}},"52":{"start":{"line":132,"column":4},"end":{"line":143,"column":7}},"53":{"start":{"line":145,"column":4},"end":{"line":145,"column":23}},"54":{"start":{"line":146,"column":4},"end":{"line":146,"column":63}},"55":{"start":{"line":150,"column":0},"end":{"line":182,"column":2}},"56":{"start":{"line":151,"column":2},"end":{"line":181,"column":3}},"57":{"start":{"line":152,"column":19},"end":{"line":152,"column":29}},"58":{"start":{"line":153,"column":22},"end":{"line":153,"column":49}},"59":{"start":{"line":154,"column":19},"end":{"line":154,"column":42}},"60":{"start":{"line":155,"column":29},"end":{"line":155,"column":63}},"61":{"start":{"line":156,"column":17},"end":{"line":156,"column":38}},"62":{"start":{"line":157,"column":16},"end":{"line":157,"column":36}},"63":{"start":{"line":159,"column":25},"end":{"line":159,"column":53}},"64":{"start":{"line":160,"column":4},"end":{"line":162,"column":5}},"65":{"start":{"line":161,"column":6},"end":{"line":161,"column":64}},"66":{"start":{"line":164,"column":19},"end":{"line":175,"column":5}},"67":{"start":{"line":177,"column":4},"end":{"line":177,"column":49}},"68":{"start":{"line":179,"column":4},"end":{"line":179,"column":23}},"69":{"start":{"line":180,"column":4},"end":{"line":180,"column":63}},"70":{"start":{"line":185,"column":0},"end":{"line":203,"column":2}},"71":{"start":{"line":186,"column":2},"end":{"line":202,"column":3}},"72":{"start":{"line":187,"column":16},"end":{"line":187,"column":63}},"73":{"start":{"line":188,"column":4},"end":{"line":190,"column":5}},"74":{"start":{"line":189,"column":6},"end":{"line":189,"column":63}},"75":{"start":{"line":191,"column":4},"end":{"line":193,"column":5}},"76":{"start":{"line":192,"column":6},"end":{"line":192,"column":71}},"77":{"start":{"line":194,"column":19},"end":{"line":197,"column":5}},"78":{"start":{"line":198,"column":4},"end":{"line":198,"column":44}},"79":{"start":{"line":200,"column":4},"end":{"line":200,"column":23}},"80":{"start":{"line":201,"column":4},"end":{"line":201,"column":63}}},"fnMap":{"0":{"name":"(anonymous_0)","decl":{"start":{"line":4,"column":20},"end":{"line":4,"column":21}},"loc":{"start":{"line":4,"column":40},"end":{"line":14,"column":1}},"line":4},"1":{"name":"(anonymous_1)","decl":{"start":{"line":16,"column":22},"end":{"line":16,"column":23}},"loc":{"start":{"line":16,"column":42},"end":{"line":25,"column":1}},"line":16},"2":{"name":"(anonymous_2)","decl":{"start":{"line":27,"column":21},"end":{"line":27,"column":22}},"loc":{"start":{"line":27,"column":41},"end":{"line":46,"column":1}},"line":27},"3":{"name":"(anonymous_3)","decl":{"start":{"line":48,"column":21},"end":{"line":48,"column":22}},"loc":{"start":{"line":48,"column":41},"end":{"line":61,"column":1}},"line":48},"4":{"name":"(anonymous_4)","decl":{"start":{"line":63,"column":23},"end":{"line":63,"column":24}},"loc":{"start":{"line":63,"column":43},"end":{"line":148,"column":1}},"line":63},"5":{"name":"(anonymous_5)","decl":{"start":{"line":150,"column":26},"end":{"line":150,"column":27}},"loc":{"start":{"line":150,"column":46},"end":{"line":182,"column":1}},"line":150},"6":{"name":"(anonymous_6)","decl":{"start":{"line":185,"column":21},"end":{"line":185,"column":22}},"loc":{"start":{"line":185,"column":41},"end":{"line":203,"column":1}},"line":185}},"branchMap":{"0":{"loc":{"start":{"line":6,"column":36},"end":{"line":6,"column":59}},"type":"binary-expr","locations":[{"start":{"line":6,"column":36},"end":{"line":6,"column":51}},{"start":{"line":6,"column":55},"end":{"line":6,"column":59}}],"line":6},"1":{"loc":{"start":{"line":7,"column":37},"end":{"line":7,"column":60}},"type":"binary-expr","locations":[{"start":{"line":7,"column":37},"end":{"line":7,"column":53}},{"start":{"line":7,"column":57},"end":{"line":7,"column":60}}],"line":7},"2":{"loc":{"start":{"line":19,"column":4},"end":{"line":19,"column":83}},"type":"if","locations":[{"start":{"line":19,"column":4},"end":{"line":19,"column":83}},{"start":{},"end":{}}],"line":19},"3":{"loc":{"start":{"line":30,"column":4},"end":{"line":32,"column":5}},"type":"if","locations":[{"start":{"line":30,"column":4},"end":{"line":32,"column":5}},{"start":{},"end":{}}],"line":30},"4":{"loc":{"start":{"line":33,"column":22},"end":{"line":33,"column":45}},"type":"binary-expr","locations":[{"start":{"line":33,"column":22},"end":{"line":33,"column":39}},{"start":{"line":33,"column":43},"end":{"line":33,"column":45}}],"line":33},"5":{"loc":{"start":{"line":34,"column":4},"end":{"line":36,"column":5}},"type":"if","locations":[{"start":{"line":34,"column":4},"end":{"line":36,"column":5}},{"start":{},"end":{}}],"line":34},"6":{"loc":{"start":{"line":40,"column":4},"end":{"line":42,"column":5}},"type":"if","locations":[{"start":{"line":40,"column":4},"end":{"line":42,"column":5}},{"start":{},"end":{}}],"line":40},"7":{"loc":{"start":{"line":51,"column":4},"end":{"line":53,"column":5}},"type":"if","locations":[{"start":{"line":51,"column":4},"end":{"line":53,"column":5}},{"start":{},"end":{}}],"line":51},"8":{"loc":{"start":{"line":55,"column":4},"end":{"line":55,"column":83}},"type":"if","locations":[{"start":{"line":55,"column":4},"end":{"line":55,"column":83}},{"start":{},"end":{}}],"line":55},"9":{"loc":{"start":{"line":99,"column":4},"end":{"line":101,"column":5}},"type":"if","locations":[{"start":{"line":99,"column":4},"end":{"line":101,"column":5}},{"start":{},"end":{}}],"line":99},"10":{"loc":{"start":{"line":105,"column":6},"end":{"line":115,"column":11}},"type":"cond-expr","locations":[{"start":{"line":106,"column":10},"end":{"line":106,"column":14}},{"start":{"line":107,"column":10},"end":{"line":115,"column":11}}],"line":105},"11":{"loc":{"start":{"line":118,"column":6},"end":{"line":130,"column":11}},"type":"cond-expr","locations":[{"start":{"line":119,"column":10},"end":{"line":119,"column":14}},{"start":{"line":120,"column":10},"end":{"line":130,"column":11}}],"line":118},"12":{"loc":{"start":{"line":153,"column":22},"end":{"line":153,"column":49}},"type":"binary-expr","locations":[{"start":{"line":153,"column":22},"end":{"line":153,"column":41}},{"start":{"line":153,"column":45},"end":{"line":153,"column":49}}],"line":153},"13":{"loc":{"start":{"line":154,"column":19},"end":{"line":154,"column":42}},"type":"binary-expr","locations":[{"start":{"line":154,"column":19},"end":{"line":154,"column":34}},{"start":{"line":154,"column":38},"end":{"line":154,"column":42}}],"line":154},"14":{"loc":{"start":{"line":155,"column":29},"end":{"line":155,"column":63}},"type":"binary-expr","locations":[{"start":{"line":155,"column":29},"end":{"line":155,"column":55}},{"start":{"line":155,"column":59},"end":{"line":155,"column":63}}],"line":155},"15":{"loc":{"start":{"line":156,"column":17},"end":{"line":156,"column":38}},"type":"binary-expr","locations":[{"start":{"line":156,"column":17},"end":{"line":156,"column":30}},{"start":{"line":156,"column":34},"end":{"line":156,"column":38}}],"line":156},"16":{"loc":{"start":{"line":157,"column":16},"end":{"line":157,"column":36}},"type":"binary-expr","locations":[{"start":{"line":157,"column":16},"end":{"line":157,"column":28}},{"start":{"line":157,"column":32},"end":{"line":157,"column":36}}],"line":157},"17":{"loc":{"start":{"line":160,"column":4},"end":{"line":162,"column":5}},"type":"if","locations":[{"start":{"line":160,"column":4},"end":{"line":162,"column":5}},{"start":{},"end":{}}],"line":160},"18":{"loc":{"start":{"line":160,"column":8},"end":{"line":160,"column":48}},"type":"binary-expr","locations":[{"start":{"line":160,"column":8},"end":{"line":160,"column":21}},{"start":{"line":160,"column":25},"end":{"line":160,"column":48}}],"line":160},"19":{"loc":{"start":{"line":187,"column":16},"end":{"line":187,"column":63}},"type":"cond-expr","locations":[{"start":{"line":187,"column":46},"end":{"line":187,"column":58}},{"start":{"line":187,"column":61},"end":{"line":187,"column":63}}],"line":187},"20":{"loc":{"start":{"line":188,"column":4},"end":{"line":190,"column":5}},"type":"if","locations":[{"start":{"line":188,"column":4},"end":{"line":190,"column":5}},{"start":{},"end":{}}],"line":188},"21":{"loc":{"start":{"line":191,"column":4},"end":{"line":193,"column":5}},"type":"if","locations":[{"start":{"line":191,"column":4},"end":{"line":193,"column":5}},{"start":{},"end":{}}],"line":191}},"s":{"0":1,"1":1,"2":1,"3":3,"4":3,"5":3,"6":3,"7":2,"8":1,"9":1,"10":1,"11":3,"12":3,"13":2,"14":1,"15":1,"16":1,"17":1,"18":1,"19":4,"20":4,"21":4,"22":1,"23":3,"24":3,"25":1,"26":2,"27":1,"28":1,"29":1,"30":0,"31":0,"32":1,"33":3,"34":3,"35":3,"36":1,"37":2,"38":2,"39":1,"40":1,"41":0,"42":0,"43":1,"44":0,"45":0,"46":0,"47":0,"48":0,"49":0,"50":0,"51":0,"52":0,"53":0,"54":0,"55":1,"56":4,"57":4,"58":4,"59":4,"60":4,"61":4,"62":4,"63":4,"64":4,"65":1,"66":3,"67":2,"68":1,"69":1,"70":1,"71":3,"72":3,"73":3,"74":1,"75":2,"76":1,"77":1,"78":1,"79":0,"80":0},"f":{"0":3,"1":3,"2":4,"3":3,"4":0,"5":4,"6":3},"b":{"0":[3,2],"1":[3,2],"2":[1,1],"3":[1,3],"4":[3,0],"5":[1,2],"6":[1,0],"7":[1,2],"8":[1,1],"9":[0,0],"10":[0,0],"11":[0,0],"12":[4,4],"13":[4,4],"14":[4,4],"15":[4,0],"16":[4,4],"17":[1,3],"18":[4,4],"19":[3,0],"20":[1,2],"21":[1,1]},"_coverageSchema":"1a1c01bbd47fc00a2c39e90264f33305004495a9","hash":"ac45566c594eb4fe184eca36aeb62bbc9e0f3740"}
,"C:\\Users\\jor_t\\Desktop\\ToitAtoit\\backend\\users-service\\middleware\\authMiddleware.js": {"path":"C:\\Users\\jor_t\\Desktop\\ToitAtoit\\backend\\users-service\\middleware\\authMiddleware.js","statementMap":{"0":{"start":{"line":1,"column":24},"end":{"line":1,"column":54}},"1":{"start":{"line":3,"column":23},"end":{"line":9,"column":1}},"2":{"start":{"line":4,"column":2},"end":{"line":4,"column":33}},"3":{"start":{"line":4,"column":21},"end":{"line":4,"column":33}},"4":{"start":{"line":5,"column":16},"end":{"line":5,"column":60}},"5":{"start":{"line":5,"column":51},"end":{"line":5,"column":59}},"6":{"start":{"line":6,"column":16},"end":{"line":6,"column":59}},"7":{"start":{"line":6,"column":34},"end":{"line":6,"column":58}},"8":{"start":{"line":7,"column":2},"end":{"line":7,"column":26}},"9":{"start":{"line":7,"column":14},"end":{"line":7,"column":26}},"10":{"start":{"line":8,"column":2},"end":{"line":8,"column":58}},"11":{"start":{"line":11,"column":23},"end":{"line":28,"column":1}},"12":{"start":{"line":12,"column":2},"end":{"line":27,"column":3}},"13":{"start":{"line":13,"column":23},"end":{"line":13,"column":54}},"14":{"start":{"line":14,"column":24},"end":{"line":16,"column":12}},"15":{"start":{"line":17,"column":24},"end":{"line":17,"column":67}},"16":{"start":{"line":18,"column":18},"end":{"line":18,"column":44}},"17":{"start":{"line":19,"column":4},"end":{"line":21,"column":5}},"18":{"start":{"line":20,"column":6},"end":{"line":20,"column":84}},"19":{"start":{"line":22,"column":20},"end":{"line":22,"column":38}},"20":{"start":{"line":23,"column":4},"end":{"line":23,"column":32}},"21":{"start":{"line":24,"column":4},"end":{"line":24,"column":11}},"22":{"start":{"line":26,"column":4},"end":{"line":26,"column":71}},"23":{"start":{"line":30,"column":0},"end":{"line":30,"column":32}}},"fnMap":{"0":{"name":"(anonymous_0)","decl":{"start":{"line":3,"column":23},"end":{"line":3,"column":24}},"loc":{"start":{"line":3,"column":47},"end":{"line":9,"column":1}},"line":3},"1":{"name":"(anonymous_1)","decl":{"start":{"line":5,"column":44},"end":{"line":5,"column":45}},"loc":{"start":{"line":5,"column":51},"end":{"line":5,"column":59}},"line":5},"2":{"name":"(anonymous_2)","decl":{"start":{"line":6,"column":27},"end":{"line":6,"column":28}},"loc":{"start":{"line":6,"column":34},"end":{"line":6,"column":58}},"line":6},"3":{"name":"(anonymous_3)","decl":{"start":{"line":11,"column":23},"end":{"line":11,"column":24}},"loc":{"start":{"line":11,"column":43},"end":{"line":28,"column":1}},"line":11}},"branchMap":{"0":{"loc":{"start":{"line":4,"column":2},"end":{"line":4,"column":33}},"type":"if","locations":[{"start":{"line":4,"column":2},"end":{"line":4,"column":33}},{"start":{},"end":{}}],"line":4},"1":{"loc":{"start":{"line":7,"column":2},"end":{"line":7,"column":26}},"type":"if","locations":[{"start":{"line":7,"column":2},"end":{"line":7,"column":26}},{"start":{},"end":{}}],"line":7},"2":{"loc":{"start":{"line":13,"column":23},"end":{"line":13,"column":54}},"type":"binary-expr","locations":[{"start":{"line":13,"column":23},"end":{"line":13,"column":48}},{"start":{"line":13,"column":52},"end":{"line":13,"column":54}}],"line":13},"3":{"loc":{"start":{"line":14,"column":24},"end":{"line":16,"column":12}},"type":"cond-expr","locations":[{"start":{"line":15,"column":8},"end":{"line":15,"column":42}},{"start":{"line":16,"column":8},"end":{"line":16,"column":12}}],"line":14},"4":{"loc":{"start":{"line":18,"column":18},"end":{"line":18,"column":44}},"type":"binary-expr","locations":[{"start":{"line":18,"column":18},"end":{"line":18,"column":29}},{"start":{"line":18,"column":33},"end":{"line":18,"column":44}}],"line":18},"5":{"loc":{"start":{"line":19,"column":4},"end":{"line":21,"column":5}},"type":"if","locations":[{"start":{"line":19,"column":4},"end":{"line":21,"column":5}},{"start":{},"end":{}}],"line":19}},"s":{"0":1,"1":1,"2":5,"3":3,"4":2,"5":2,"6":2,"7":2,"8":2,"9":0,"10":2,"11":1,"12":5,"13":5,"14":5,"15":5,"16":5,"17":5,"18":1,"19":4,"20":3,"21":3,"22":1,"23":1},"f":{"0":5,"1":2,"2":2,"3":5},"b":{"0":[3,2],"1":[0,2],"2":[5,2],"3":[3,2],"4":[5,2],"5":[1,4]},"_coverageSchema":"1a1c01bbd47fc00a2c39e90264f33305004495a9","hash":"4c0ce0163cee11b57b87daf56fde266666bd4f9b"}
}
