TN:
SF:controllers\authController.js
FN:6,(anonymous_0)
FN:7,(anonymous_1)
FN:9,(anonymous_2)
FN:60,(anonymous_3)
FN:111,(anonymous_4)
FNF:5
FNH:5
FNDA:15,(anonymous_0)
FNDA:8,(anonymous_1)
FNDA:8,(anonymous_2)
FNDA:7,(anonymous_3)
FNDA:1,(anonymous_4)
DA:1,1
DA:2,1
DA:3,1
DA:4,1
DA:6,15
DA:7,8
DA:9,1
DA:10,8
DA:11,8
DA:12,8
DA:13,8
DA:15,8
DA:16,3
DA:21,5
DA:22,4
DA:24,4
DA:29,2
DA:30,2
DA:38,2
DA:44,3
DA:45,2
DA:46,2
DA:47,1
DA:49,1
DA:50,1
DA:52,0
DA:55,1
DA:56,1
DA:60,1
DA:61,7
DA:62,7
DA:63,7
DA:65,7
DA:66,2
DA:69,5
DA:77,4
DA:78,1
DA:81,3
DA:82,3
DA:83,1
DA:86,2
DA:87,2
DA:88,1
DA:91,1
DA:92,1
DA:93,1
DA:100,1
DA:106,1
DA:107,1
DA:111,1
DA:112,1
DA:117,1
LF:52
LH:51
BRDA:6,0,0,15
BRDA:6,0,1,2
BRDA:7,1,0,8
BRDA:7,1,1,1
BRDA:15,2,0,3
BRDA:15,2,1,5
BRDA:15,3,0,8
BRDA:15,3,1,7
BRDA:15,3,2,6
BRDA:44,4,0,2
BRDA:44,4,1,1
BRDA:45,5,0,2
BRDA:45,5,1,0
BRDA:46,6,0,1
BRDA:46,6,1,1
BRDA:46,7,0,2
BRDA:46,7,1,1
BRDA:49,8,0,1
BRDA:49,8,1,0
BRDA:49,9,0,1
BRDA:49,9,1,0
BRDA:65,10,0,2
BRDA:65,10,1,5
BRDA:65,11,0,7
BRDA:65,11,1,6
BRDA:77,12,0,1
BRDA:77,12,1,3
BRDA:82,13,0,1
BRDA:82,13,1,2
BRDA:87,14,0,1
BRDA:87,14,1,1
BRDA:91,15,0,1
BRDA:91,15,1,1
BRF:33
BRH:30
end_of_record
TN:
SF:controllers\preferencesController.js
FN:3,(anonymous_0)
FN:16,(anonymous_1)
FN:67,(anonymous_2)
FNF:3
FNH:3
FNDA:3,(anonymous_0)
FNDA:4,(anonymous_1)
FNDA:2,(anonymous_2)
DA:1,1
DA:3,1
DA:4,3
DA:5,3
DA:9,2
DA:11,1
DA:12,1
DA:16,1
DA:17,4
DA:18,4
DA:19,4
DA:20,4
DA:21,4
DA:22,4
DA:23,4
DA:24,4
DA:25,4
DA:26,4
DA:28,4
DA:56,2
DA:58,2
DA:60,1
DA:62,1
DA:63,1
DA:67,1
DA:68,2
DA:69,2
DA:72,1
DA:74,1
DA:75,1
LF:30
LH:30
BRDA:9,0,0,2
BRDA:9,0,1,1
BRDA:19,1,0,4
BRDA:19,1,1,2
BRDA:20,2,0,4
BRDA:20,2,1,2
BRDA:21,3,0,4
BRDA:21,3,1,3
BRDA:22,4,0,4
BRDA:22,4,1,4
BRDA:23,5,0,4
BRDA:23,5,1,4
BRDA:24,6,0,4
BRDA:24,6,1,4
BRDA:25,7,0,4
BRDA:25,7,1,4
BRDA:26,8,0,4
BRDA:26,8,1,4
BRDA:58,9,0,1
BRDA:58,9,1,1
BRF:20
BRH:20
end_of_record
TN:
SF:controllers\userController.js
FN:4,(anonymous_0)
FN:16,(anonymous_1)
FN:27,(anonymous_2)
FN:48,(anonymous_3)
FN:63,(anonymous_4)
FN:152,(anonymous_5)
FN:188,(anonymous_6)
FN:221,(anonymous_7)
FNF:8
FNH:6
FNDA:3,(anonymous_0)
FNDA:3,(anonymous_1)
FNDA:4,(anonymous_2)
FNDA:3,(anonymous_3)
FNDA:0,(anonymous_4)
FNDA:4,(anonymous_5)
FNDA:0,(anonymous_6)
FNDA:3,(anonymous_7)
DA:1,1
DA:2,1
DA:4,1
DA:5,3
DA:6,3
DA:7,3
DA:8,3
DA:9,2
DA:11,1
DA:12,1
DA:16,1
DA:17,3
DA:18,3
DA:19,2
DA:20,1
DA:22,1
DA:23,1
DA:27,1
DA:28,4
DA:29,4
DA:30,4
DA:31,1
DA:33,3
DA:34,3
DA:35,1
DA:37,2
DA:38,1
DA:40,1
DA:41,1
DA:43,0
DA:44,0
DA:48,1
DA:49,3
DA:50,3
DA:51,3
DA:52,1
DA:54,2
DA:55,2
DA:56,1
DA:58,0
DA:59,0
DA:63,1
DA:64,0
DA:65,0
DA:66,0
DA:100,0
DA:101,0
DA:104,0
DA:106,0
DA:120,0
DA:134,0
DA:147,0
DA:148,0
DA:152,1
DA:153,4
DA:154,4
DA:155,4
DA:156,4
DA:157,4
DA:158,4
DA:159,4
DA:160,4
DA:162,4
DA:163,4
DA:164,1
DA:167,3
DA:181,2
DA:183,1
DA:184,1
DA:188,1
DA:189,0
DA:190,0
DA:192,0
DA:193,0
DA:205,0
DA:206,0
DA:208,0
DA:209,0
DA:215,0
DA:216,0
DA:221,1
DA:222,3
DA:223,3
DA:224,3
DA:225,1
DA:227,2
DA:228,1
DA:230,1
DA:234,1
DA:236,0
DA:237,0
LF:91
LH:64
BRDA:6,0,0,3
BRDA:6,0,1,2
BRDA:7,1,0,3
BRDA:7,1,1,2
BRDA:19,2,0,1
BRDA:19,2,1,1
BRDA:30,3,0,1
BRDA:30,3,1,3
BRDA:33,4,0,3
BRDA:33,4,1,0
BRDA:34,5,0,1
BRDA:34,5,1,2
BRDA:40,6,0,1
BRDA:40,6,1,0
BRDA:51,7,0,1
BRDA:51,7,1,2
BRDA:55,8,0,1
BRDA:55,8,1,1
BRDA:100,9,0,0
BRDA:100,9,1,0
BRDA:106,10,0,0
BRDA:106,10,1,0
BRDA:120,11,0,0
BRDA:120,11,1,0
BRDA:155,12,0,4
BRDA:155,12,1,4
BRDA:156,13,0,4
BRDA:156,13,1,4
BRDA:157,14,0,4
BRDA:157,14,1,4
BRDA:158,15,0,4
BRDA:158,15,1,0
BRDA:159,16,0,4
BRDA:159,16,1,4
BRDA:160,17,0,4
BRDA:160,17,1,4
BRDA:163,18,0,1
BRDA:163,18,1,3
BRDA:163,19,0,4
BRDA:163,19,1,4
BRDA:189,20,0,0
BRDA:189,20,1,0
BRDA:205,21,0,0
BRDA:205,21,1,0
BRDA:223,22,0,3
BRDA:223,22,1,0
BRDA:224,23,0,1
BRDA:224,23,1,2
BRDA:227,24,0,1
BRDA:227,24,1,1
BRF:50
BRH:36
end_of_record
TN:
SF:middleware\authMiddleware.js
FN:3,(anonymous_0)
FN:5,(anonymous_1)
FN:6,(anonymous_2)
FN:11,(anonymous_3)
FNF:4
FNH:4
FNDA:5,(anonymous_0)
FNDA:2,(anonymous_1)
FNDA:2,(anonymous_2)
FNDA:5,(anonymous_3)
DA:1,1
DA:3,1
DA:4,5
DA:5,2
DA:6,2
DA:7,2
DA:8,2
DA:11,1
DA:12,5
DA:13,5
DA:14,5
DA:17,5
DA:18,5
DA:19,5
DA:20,1
DA:22,4
DA:23,3
DA:24,3
DA:25,3
DA:27,1
DA:31,1
LF:21
LH:21
BRDA:4,0,0,3
BRDA:4,0,1,2
BRDA:7,1,0,0
BRDA:7,1,1,2
BRDA:13,2,0,5
BRDA:13,2,1,2
BRDA:14,3,0,3
BRDA:14,3,1,2
BRDA:18,4,0,5
BRDA:18,4,1,2
BRDA:19,5,0,1
BRDA:19,5,1,4
BRDA:24,6,0,3
BRDA:24,6,1,3
BRF:14
BRH:13
end_of_record
