<?xml version="1.0" encoding="UTF-8"?>
<coverage generated="1775829341144" clover="3.2.0">
  <project timestamp="1775829341144" name="All files">
    <metrics statements="60" coveredstatements="60" conditionals="29" coveredconditionals="28" methods="4" coveredmethods="4" elements="93" coveredelements="92" complexity="0" loc="60" ncloc="60" packages="1" files="1" classes="1"/>
    <file name="messagesController.js" path="C:\Users\jor_t\Desktop\ToitAtoit\backend\messages-service\controllers\messagesController.js">
      <metrics statements="60" coveredstatements="60" conditionals="29" coveredconditionals="28" methods="4" coveredmethods="4"/>
      <line num="1" count="1" type="stmt"/>
      <line num="2" count="1" type="stmt"/>
      <line num="4" count="1" type="stmt"/>
      <line num="5" count="2" type="stmt"/>
      <line num="9" count="2" type="stmt"/>
      <line num="12" count="1" type="stmt"/>
      <line num="13" count="4" type="stmt"/>
      <line num="14" count="4" type="stmt"/>
      <line num="16" count="4" type="cond" truecount="2" falsecount="0"/>
      <line num="17" count="4" type="cond" truecount="2" falsecount="0"/>
      <line num="18" count="4" type="cond" truecount="2" falsecount="0"/>
      <line num="21" count="4" type="cond" truecount="2" falsecount="0"/>
      <line num="22" count="2" type="stmt"/>
      <line num="23" count="2" type="cond" truecount="2" falsecount="0"/>
      <line num="25" count="1" type="stmt"/>
      <line num="34" count="1" type="stmt"/>
      <line num="38" count="2" type="stmt"/>
      <line num="77" count="1" type="stmt"/>
      <line num="79" count="1" type="stmt"/>
      <line num="80" count="1" type="stmt"/>
      <line num="84" count="1" type="stmt"/>
      <line num="85" count="3" type="stmt"/>
      <line num="86" count="3" type="stmt"/>
      <line num="87" count="3" type="stmt"/>
      <line num="89" count="3" type="stmt"/>
      <line num="97" count="2" type="cond" truecount="2" falsecount="0"/>
      <line num="98" count="1" type="stmt"/>
      <line num="101" count="1" type="stmt"/>
      <line num="103" count="1" type="stmt"/>
      <line num="104" count="1" type="stmt"/>
      <line num="108" count="1" type="stmt"/>
      <line num="109" count="6" type="stmt"/>
      <line num="110" count="6" type="stmt"/>
      <line num="111" count="6" type="stmt"/>
      <line num="112" count="6" type="cond" truecount="1" falsecount="1"/>
      <line num="113" count="6" type="cond" truecount="2" falsecount="0"/>
      <line num="115" count="5" type="cond" truecount="2" falsecount="0"/>
      <line num="116" count="5" type="cond" truecount="3" falsecount="0"/>
      <line num="117" count="5" type="cond" truecount="2" falsecount="0"/>
      <line num="119" count="5" type="stmt"/>
      <line num="121" count="5" type="stmt"/>
      <line num="123" count="5" type="cond" truecount="2" falsecount="0"/>
      <line num="124" count="3" type="stmt"/>
      <line num="128" count="2" type="cond" truecount="2" falsecount="0"/>
      <line num="129" count="1" type="stmt"/>
      <line num="130" count="1" type="stmt"/>
      <line num="133" count="2" type="cond" truecount="2" falsecount="0"/>
      <line num="134" count="1" type="stmt"/>
      <line num="135" count="1" type="stmt"/>
      <line num="138" count="1" type="stmt"/>
      <line num="139" count="1" type="stmt"/>
      <line num="143" count="1" type="stmt"/>
      <line num="149" count="2" type="stmt"/>
      <line num="150" count="2" type="stmt"/>
      <line num="157" count="2" type="stmt"/>
      <line num="158" count="2" type="stmt"/>
      <line num="160" count="1" type="stmt"/>
      <line num="161" count="1" type="stmt"/>
      <line num="162" count="1" type="stmt"/>
      <line num="164" count="6" type="stmt"/>
    </file>
  </project>
</coverage>
