{"C:\\Users\\jor_t\\Desktop\\ToitAtoit\\backend\\messages-service\\controllers\\messagesController.js": {"path":"C:\\Users\\jor_t\\Desktop\\ToitAtoit\\backend\\messages-service\\controllers\\messagesController.js","statementMap":{"0":{"start":{"line":1,"column":23},"end":{"line":1,"column":40}},"1":{"start":{"line":2,"column":13},"end":{"line":2,"column":36}},"2":{"start":{"line":4,"column":26},"end":{"line":10,"column":1}},"3":{"start":{"line":5,"column":17},"end":{"line":8,"column":3}},"4":{"start":{"line":9,"column":2},"end":{"line":9,"column":32}},"5":{"start":{"line":12,"column":0},"end":{"line":82,"column":2}},"6":{"start":{"line":13,"column":2},"end":{"line":81,"column":3}},"7":{"start":{"line":14,"column":19},"end":{"line":14,"column":29}},"8":{"start":{"line":16,"column":27},"end":{"line":16,"column":67}},"9":{"start":{"line":17,"column":18},"end":{"line":17,"column":70}},"10":{"start":{"line":18,"column":19},"end":{"line":18,"column":69}},"11":{"start":{"line":21,"column":4},"end":{"line":35,"column":5}},"12":{"start":{"line":22,"column":17},"end":{"line":22,"column":68}},"13":{"start":{"line":23,"column":6},"end":{"line":23,"column":68}},"14":{"start":{"line":23,"column":15},"end":{"line":23,"column":68}},"15":{"start":{"line":25,"column":23},"end":{"line":32,"column":7}},"16":{"start":{"line":34,"column":6},"end":{"line":34,"column":99}},"17":{"start":{"line":38,"column":19},"end":{"line":75,"column":5}},"18":{"start":{"line":77,"column":4},"end":{"line":77,"column":67}},"19":{"start":{"line":79,"column":4},"end":{"line":79,"column":23}},"20":{"start":{"line":80,"column":4},"end":{"line":80,"column":63}},"21":{"start":{"line":84,"column":0},"end":{"line":106,"column":2}},"22":{"start":{"line":85,"column":2},"end":{"line":105,"column":3}},"23":{"start":{"line":86,"column":22},"end":{"line":86,"column":35}},"24":{"start":{"line":87,"column":19},"end":{"line":87,"column":29}},"25":{"start":{"line":89,"column":19},"end":{"line":95,"column":5}},"26":{"start":{"line":97,"column":4},"end":{"line":99,"column":5}},"27":{"start":{"line":98,"column":6},"end":{"line":98,"column":70}},"28":{"start":{"line":101,"column":4},"end":{"line":101,"column":49}},"29":{"start":{"line":103,"column":4},"end":{"line":103,"column":23}},"30":{"start":{"line":104,"column":4},"end":{"line":104,"column":63}},"31":{"start":{"line":108,"column":0},"end":{"line":166,"column":2}},"32":{"start":{"line":109,"column":17},"end":{"line":109,"column":37}},"33":{"start":{"line":110,"column":2},"end":{"line":165,"column":3}},"34":{"start":{"line":111,"column":19},"end":{"line":111,"column":29}},"35":{"start":{"line":112,"column":17},"end":{"line":112,"column":45}},"36":{"start":{"line":113,"column":4},"end":{"line":113,"column":71}},"37":{"start":{"line":113,"column":15},"end":{"line":113,"column":71}},"38":{"start":{"line":115,"column":27},"end":{"line":115,"column":66}},"39":{"start":{"line":116,"column":22},"end":{"line":116,"column":59}},"40":{"start":{"line":117,"column":28},"end":{"line":117,"column":69}},"41":{"start":{"line":119,"column":4},"end":{"line":119,"column":32}},"42":{"start":{"line":121,"column":30},"end":{"line":121,"column":44}},"43":{"start":{"line":123,"column":4},"end":{"line":147,"column":5}},"44":{"start":{"line":124,"column":17},"end":{"line":127,"column":7}},"45":{"start":{"line":128,"column":6},"end":{"line":131,"column":7}},"46":{"start":{"line":129,"column":8},"end":{"line":129,"column":39}},"47":{"start":{"line":130,"column":8},"end":{"line":130,"column":61}},"48":{"start":{"line":133,"column":6},"end":{"line":136,"column":7}},"49":{"start":{"line":134,"column":8},"end":{"line":134,"column":39}},"50":{"start":{"line":135,"column":8},"end":{"line":135,"column":103}},"51":{"start":{"line":138,"column":6},"end":{"line":138,"column":41}},"52":{"start":{"line":139,"column":6},"end":{"line":142,"column":8}},"53":{"start":{"line":143,"column":6},"end":{"line":146,"column":8}},"54":{"start":{"line":149,"column":22},"end":{"line":149,"column":34}},"55":{"start":{"line":150,"column":26},"end":{"line":155,"column":5}},"56":{"start":{"line":157,"column":4},"end":{"line":157,"column":33}},"57":{"start":{"line":158,"column":4},"end":{"line":158,"column":68}},"58":{"start":{"line":160,"column":4},"end":{"line":160,"column":35}},"59":{"start":{"line":161,"column":4},"end":{"line":161,"column":23}},"60":{"start":{"line":162,"column":4},"end":{"line":162,"column":63}},"61":{"start":{"line":164,"column":4},"end":{"line":164,"column":21}}},"fnMap":{"0":{"name":"(anonymous_0)","decl":{"start":{"line":4,"column":26},"end":{"line":4,"column":27}},"loc":{"start":{"line":4,"column":64},"end":{"line":10,"column":1}},"line":4},"1":{"name":"(anonymous_1)","decl":{"start":{"line":12,"column":15},"end":{"line":12,"column":16}},"loc":{"start":{"line":12,"column":35},"end":{"line":82,"column":1}},"line":12},"2":{"name":"(anonymous_2)","decl":{"start":{"line":84,"column":18},"end":{"line":84,"column":19}},"loc":{"start":{"line":84,"column":38},"end":{"line":106,"column":1}},"line":84},"3":{"name":"(anonymous_3)","decl":{"start":{"line":108,"column":15},"end":{"line":108,"column":16}},"loc":{"start":{"line":108,"column":35},"end":{"line":166,"column":1}},"line":108}},"branchMap":{"0":{"loc":{"start":{"line":16,"column":28},"end":{"line":16,"column":59}},"type":"binary-expr","locations":[{"start":{"line":16,"column":28},"end":{"line":16,"column":53}},{"start":{"line":16,"column":57},"end":{"line":16,"column":59}}],"line":16},"1":{"loc":{"start":{"line":17,"column":36},"end":{"line":17,"column":59}},"type":"binary-expr","locations":[{"start":{"line":17,"column":36},"end":{"line":17,"column":51}},{"start":{"line":17,"column":55},"end":{"line":17,"column":59}}],"line":17},"2":{"loc":{"start":{"line":18,"column":37},"end":{"line":18,"column":60}},"type":"binary-expr","locations":[{"start":{"line":18,"column":37},"end":{"line":18,"column":53}},{"start":{"line":18,"column":57},"end":{"line":18,"column":60}}],"line":18},"3":{"loc":{"start":{"line":21,"column":4},"end":{"line":35,"column":5}},"type":"if","locations":[{"start":{"line":21,"column":4},"end":{"line":35,"column":5}},{"start":{},"end":{}}],"line":21},"4":{"loc":{"start":{"line":23,"column":6},"end":{"line":23,"column":68}},"type":"if","locations":[{"start":{"line":23,"column":6},"end":{"line":23,"column":68}},{"start":{},"end":{}}],"line":23},"5":{"loc":{"start":{"line":97,"column":4},"end":{"line":99,"column":5}},"type":"if","locations":[{"start":{"line":97,"column":4},"end":{"line":99,"column":5}},{"start":{},"end":{}}],"line":97},"6":{"loc":{"start":{"line":112,"column":18},"end":{"line":112,"column":37}},"type":"binary-expr","locations":[{"start":{"line":112,"column":18},"end":{"line":112,"column":31}},{"start":{"line":112,"column":35},"end":{"line":112,"column":37}}],"line":112},"7":{"loc":{"start":{"line":113,"column":4},"end":{"line":113,"column":71}},"type":"if","locations":[{"start":{"line":113,"column":4},"end":{"line":113,"column":71}},{"start":{},"end":{}}],"line":113},"8":{"loc":{"start":{"line":115,"column":28},"end":{"line":115,"column":58}},"type":"binary-expr","locations":[{"start":{"line":115,"column":28},"end":{"line":115,"column":52}},{"start":{"line":115,"column":56},"end":{"line":115,"column":58}}],"line":115},"9":{"loc":{"start":{"line":116,"column":22},"end":{"line":116,"column":59}},"type":"binary-expr","locations":[{"start":{"line":116,"column":23},"end":{"line":116,"column":42}},{"start":{"line":116,"column":46},"end":{"line":116,"column":50}},{"start":{"line":116,"column":55},"end":{"line":116,"column":59}}],"line":116},"10":{"loc":{"start":{"line":117,"column":29},"end":{"line":117,"column":61}},"type":"binary-expr","locations":[{"start":{"line":117,"column":29},"end":{"line":117,"column":55}},{"start":{"line":117,"column":59},"end":{"line":117,"column":61}}],"line":117},"11":{"loc":{"start":{"line":123,"column":4},"end":{"line":147,"column":5}},"type":"if","locations":[{"start":{"line":123,"column":4},"end":{"line":147,"column":5}},{"start":{"line":132,"column":11},"end":{"line":147,"column":5}}],"line":123},"12":{"loc":{"start":{"line":128,"column":6},"end":{"line":131,"column":7}},"type":"if","locations":[{"start":{"line":128,"column":6},"end":{"line":131,"column":7}},{"start":{},"end":{}}],"line":128},"13":{"loc":{"start":{"line":133,"column":6},"end":{"line":136,"column":7}},"type":"if","locations":[{"start":{"line":133,"column":6},"end":{"line":136,"column":7}},{"start":{},"end":{}}],"line":133}},"s":{"0":1,"1":1,"2":1,"3":2,"4":2,"5":1,"6":4,"7":4,"8":4,"9":4,"10":4,"11":4,"12":2,"13":2,"14":1,"15":1,"16":1,"17":2,"18":1,"19":1,"20":1,"21":1,"22":3,"23":3,"24":3,"25":3,"26":2,"27":1,"28":1,"29":1,"30":1,"31":1,"32":6,"33":6,"34":6,"35":6,"36":6,"37":1,"38":5,"39":5,"40":5,"41":5,"42":5,"43":5,"44":3,"45":2,"46":1,"47":1,"48":2,"49":1,"50":1,"51":1,"52":1,"53":1,"54":2,"55":2,"56":2,"57":2,"58":1,"59":1,"60":1,"61":6},"f":{"0":2,"1":4,"2":3,"3":6},"b":{"0":[4,2],"1":[4,4],"2":[4,4],"3":[2,2],"4":[1,1],"5":[1,1],"6":[6,0],"7":[1,5],"8":[5,2],"9":[5,5,5],"10":[5,4],"11":[3,2],"12":[1,1],"13":[1,1]},"_coverageSchema":"1a1c01bbd47fc00a2c39e90264f33305004495a9","hash":"2538c25bdf7315c038aeac322f4b4008fc079fe2"}
}
