TN:
SF:controllers\messagesController.js
FN:4,(anonymous_0)
FN:12,(anonymous_1)
FN:84,(anonymous_2)
FN:108,(anonymous_3)
FNF:4
FNH:4
FNDA:2,(anonymous_0)
FNDA:4,(anonymous_1)
FNDA:3,(anonymous_2)
FNDA:6,(anonymous_3)
DA:1,1
DA:2,1
DA:4,1
DA:5,2
DA:9,2
DA:12,1
DA:13,4
DA:14,4
DA:16,4
DA:17,4
DA:18,4
DA:21,4
DA:22,2
DA:23,2
DA:25,1
DA:34,1
DA:38,2
DA:77,1
DA:79,1
DA:80,1
DA:84,1
DA:85,3
DA:86,3
DA:87,3
DA:89,3
DA:97,2
DA:98,1
DA:101,1
DA:103,1
DA:104,1
DA:108,1
DA:109,6
DA:110,6
DA:111,6
DA:112,6
DA:113,6
DA:115,5
DA:116,5
DA:117,5
DA:119,5
DA:121,5
DA:123,5
DA:124,3
DA:128,2
DA:129,1
DA:130,1
DA:133,2
DA:134,1
DA:135,1
DA:138,1
DA:139,1
DA:143,1
DA:149,2
DA:150,2
DA:157,2
DA:158,2
DA:160,1
DA:161,1
DA:162,1
DA:164,6
LF:60
LH:60
BRDA:16,0,0,4
BRDA:16,0,1,2
BRDA:17,1,0,4
BRDA:17,1,1,4
BRDA:18,2,0,4
BRDA:18,2,1,4
BRDA:21,3,0,2
BRDA:21,3,1,2
BRDA:23,4,0,1
BRDA:23,4,1,1
BRDA:97,5,0,1
BRDA:97,5,1,1
BRDA:112,6,0,6
BRDA:112,6,1,0
BRDA:113,7,0,1
BRDA:113,7,1,5
BRDA:115,8,0,5
BRDA:115,8,1,2
BRDA:116,9,0,5
BRDA:116,9,1,5
BRDA:116,9,2,5
BRDA:117,10,0,5
BRDA:117,10,1,4
BRDA:123,11,0,3
BRDA:123,11,1,2
BRDA:128,12,0,1
BRDA:128,12,1,1
BRDA:133,13,0,1
BRDA:133,13,1,1
BRF:29
BRH:28
end_of_record
